{"/Users/xiongyuyan/Documents/Studyspace/Vue3/vue3-ts-jsonschema-form/lib/SchemaForm.tsx": {"path":"/Users/xiongyuyan/Documents/Studyspace/Vue3/vue3-ts-jsonschema-form/lib/SchemaForm.tsx","statementMap":{"0":{"start":{"line":4,"column":0},"end":{"line":4,"column":null}},"1":{"start":{"line":5,"column":0},"end":{"line":5,"column":null}},"2":{"start":{"line":7,"column":15},"end":{"line":7,"column":31}},"3":{"start":{"line":27,"column":26},"end":{"line":30,"column":null}},"4":{"start":{"line":29,"column":6},"end":{"line":29,"column":11}},"5":{"start":{"line":32,"column":25},"end":{"line":32,"column":null}},"6":{"start":{"line":37,"column":4},"end":{"line":37,"column":12}},"7":{"start":{"line":39,"column":4},"end":{"line":39,"column":11}},"8":{"start":{"line":40,"column":32},"end":{"line":40,"column":null}},"9":{"start":{"line":41,"column":6},"end":{"line":41,"column":null}}},"fnMap":{"0":{"name":"(anonymous_0)","decl":{"start":{"line":26,"column":2},"end":{"line":26,"column":7}},"loc":{"start":{"line":26,"column":13},"end":{"line":45,"column":null}}},"1":{"name":"(anonymous_1)","decl":{"start":{"line":27,"column":26},"end":{"line":27,"column":36}},"loc":{"start":{"line":27,"column":36},"end":{"line":30,"column":null}}},"2":{"name":"(anonymous_2)","decl":{"start":{"line":39,"column":11},"end":{"line":39,"column":16}},"loc":{"start":{"line":39,"column":16},"end":{"line":44,"column":null}}}},"branchMap":{},"s":{"0":3,"1":3,"2":3,"3":9,"4":5,"5":9,"6":9,"7":9,"8":9,"9":9},"f":{"0":9,"1":5,"2":9},"b":{}}
,"/Users/xiongyuyan/Documents/Studyspace/Vue3/vue3-ts-jsonschema-form/lib/SchemaItem.tsx": {"path":"/Users/xiongyuyan/Documents/Studyspace/Vue3/vue3-ts-jsonschema-form/lib/SchemaItem.tsx","statementMap":{"0":{"start":{"line":2,"column":0},"end":{"line":2,"column":null}},"1":{"start":{"line":4,"column":0},"end":{"line":4,"column":null}},"2":{"start":{"line":6,"column":0},"end":{"line":6,"column":null}},"3":{"start":{"line":7,"column":0},"end":{"line":7,"column":null}},"4":{"start":{"line":8,"column":0},"end":{"line":8,"column":null}},"5":{"start":{"line":10,"column":0},"end":{"line":10,"column":null}},"6":{"start":{"line":12,"column":15},"end":{"line":12,"column":31}},"7":{"start":{"line":16,"column":31},"end":{"line":16,"column":40}},"8":{"start":{"line":17,"column":44},"end":{"line":17,"column":null}},"9":{"start":{"line":19,"column":6},"end":{"line":19,"column":13}},"10":{"start":{"line":21,"column":4},"end":{"line":21,"column":11}},"11":{"start":{"line":22,"column":25},"end":{"line":22,"column":null}},"12":{"start":{"line":24,"column":30},"end":{"line":24,"column":null}},"13":{"start":{"line":27,"column":19},"end":{"line":27,"column":null}},"14":{"start":{"line":30,"column":6},"end":{"line":30,"column":14}},"15":{"start":{"line":32,"column":10},"end":{"line":32,"column":18}},"16":{"start":{"line":33,"column":10},"end":{"line":33,"column":null}},"17":{"start":{"line":36,"column":10},"end":{"line":36,"column":18}},"18":{"start":{"line":37,"column":10},"end":{"line":37,"column":null}},"19":{"start":{"line":40,"column":10},"end":{"line":40,"column":18}},"20":{"start":{"line":41,"column":10},"end":{"line":41,"column":null}},"21":{"start":{"line":44,"column":10},"end":{"line":44,"column":18}},"22":{"start":{"line":45,"column":10},"end":{"line":45,"column":null}},"23":{"start":{"line":48,"column":10},"end":{"line":48,"column":17}},"24":{"start":{"line":52,"column":6},"end":{"line":52,"column":27}}},"fnMap":{"0":{"name":"(anonymous_0)","decl":{"start":{"line":15,"column":2},"end":{"line":15,"column":7}},"loc":{"start":{"line":15,"column":13},"end":{"line":54,"column":null}}},"1":{"name":"(anonymous_1)","decl":{"start":{"line":16,"column":40},"end":{"line":16,"column":45}},"loc":{"start":{"line":16,"column":45},"end":{"line":20,"column":null}}},"2":{"name":"(anonymous_2)","decl":{"start":{"line":21,"column":11},"end":{"line":21,"column":16}},"loc":{"start":{"line":21,"column":16},"end":{"line":53,"column":null}}}},"branchMap":{"0":{"loc":{"start":{"line":31,"column":8},"end":{"line":34,"column":null}},"type":"switch","locations":[{"start":{"line":31,"column":8},"end":{"line":34,"column":null}},{"start":{"line":35,"column":8},"end":{"line":38,"column":null}},{"start":{"line":39,"column":8},"end":{"line":42,"column":null}},{"start":{"line":43,"column":8},"end":{"line":46,"column":null}},{"start":{"line":47,"column":8},"end":{"line":49,"column":null}}]}},"s":{"0":3,"1":3,"2":3,"3":3,"4":3,"5":3,"6":3,"7":21,"8":24,"9":24,"10":21,"11":27,"12":27,"13":27,"14":27,"15":10,"16":10,"17":9,"18":9,"19":5,"20":5,"21":3,"22":3,"23":0,"24":27},"f":{"0":21,"1":24,"2":27},"b":{"0":[10,9,5,3,0]}}
,"/Users/xiongyuyan/Documents/Studyspace/Vue3/vue3-ts-jsonschema-form/lib/context.ts": {"path":"/Users/xiongyuyan/Documents/Studyspace/Vue3/vue3-ts-jsonschema-form/lib/context.ts","statementMap":{"0":{"start":{"line":1,"column":0},"end":{"line":1,"column":null}},"1":{"start":{"line":4,"column":36},"end":{"line":4,"column":null}},"2":{"start":{"line":13,"column":63},"end":{"line":13,"column":null}},"3":{"start":{"line":16,"column":2},"end":{"line":18,"column":null}},"4":{"start":{"line":17,"column":4},"end":{"line":17,"column":10}},"5":{"start":{"line":19,"column":2},"end":{"line":19,"column":9}}},"fnMap":{"0":{"name":"useVJSFContent","decl":{"start":{"line":12,"column":16},"end":{"line":12,"column":30}},"loc":{"start":{"line":12,"column":30},"end":{"line":20,"column":null}}}},"branchMap":{"0":{"loc":{"start":{"line":16,"column":2},"end":{"line":18,"column":null}},"type":"if","locations":[{"start":{"line":16,"column":2},"end":{"line":18,"column":null}},{"start":{"line":16,"column":2},"end":{"line":18,"column":null}}]}},"s":{"0":3,"1":3,"2":8,"3":8,"4":0,"5":8},"f":{"0":8},"b":{"0":[0,8]}}
,"/Users/xiongyuyan/Documents/Studyspace/Vue3/vue3-ts-jsonschema-form/lib/index.ts": {"path":"/Users/xiongyuyan/Documents/Studyspace/Vue3/vue3-ts-jsonschema-form/lib/index.ts","statementMap":{"0":{"start":{"line":1,"column":0},"end":{"line":1,"column":null}},"1":{"start":{"line":2,"column":0},"end":{"line":2,"column":null}},"2":{"start":{"line":3,"column":0},"end":{"line":3,"column":null}},"3":{"start":{"line":4,"column":0},"end":{"line":4,"column":null}},"4":{"start":{"line":5,"column":0},"end":{"line":5,"column":null}},"5":{"start":{"line":6,"column":0},"end":{"line":6,"column":null}},"6":{"start":{"line":7,"column":0},"end":{"line":7,"column":null}},"7":{"start":{"line":10,"column":0},"end":{"line":10,"column":null}},"8":{"start":{"line":9,"column":15},"end":{"line":9,"column":null}}},"fnMap":{"0":{"name":"(anonymous_6)","decl":{"start":{"line":10,"column":0},"end":{"line":10,"column":null}},"loc":{"start":{"line":10,"column":0},"end":{"line":10,"column":null}}}},"branchMap":{"0":{"loc":{"start":{"line":10,"column":0},"end":{"line":10,"column":null}},"type":"if","locations":[{"start":{"line":10,"column":0},"end":{"line":10,"column":null}},{"start":{"line":10,"column":0},"end":{"line":10,"column":null}}]}},"s":{"0":3,"1":3,"2":3,"3":3,"4":3,"5":3,"6":3,"7":78,"8":3},"f":{"0":18},"b":{"0":[36,72]}}
,"/Users/xiongyuyan/Documents/Studyspace/Vue3/vue3-ts-jsonschema-form/lib/theme.tsx": {"path":"/Users/xiongyuyan/Documents/Studyspace/Vue3/vue3-ts-jsonschema-form/lib/theme.tsx","statementMap":{"0":{"start":{"line":1,"column":0},"end":{"line":1,"column":null}},"1":{"start":{"line":4,"column":27},"end":{"line":4,"column":null}},"2":{"start":{"line":5,"column":22},"end":{"line":5,"column":38}},"3":{"start":{"line":15,"column":20},"end":{"line":15,"column":29}},"4":{"start":{"line":15,"column":35},"end":{"line":15,"column":null}},"5":{"start":{"line":17,"column":4},"end":{"line":17,"column":12}},"6":{"start":{"line":19,"column":4},"end":{"line":19,"column":11}},"7":{"start":{"line":19,"column":17},"end":{"line":19,"column":39}},"8":{"start":{"line":24,"column":50},"end":{"line":24,"column":77}},"9":{"start":{"line":26,"column":2},"end":{"line":28,"column":null}},"10":{"start":{"line":27,"column":4},"end":{"line":27,"column":10}},"11":{"start":{"line":30,"column":20},"end":{"line":30,"column":29}},"12":{"start":{"line":31,"column":4},"end":{"line":31,"column":11}},"13":{"start":{"line":34,"column":2},"end":{"line":34,"column":9}},"14":{"start":{"line":37,"column":15},"end":{"line":37,"column":null}}},"fnMap":{"0":{"name":"(anonymous_0)","decl":{"start":{"line":13,"column":2},"end":{"line":13,"column":7}},"loc":{"start":{"line":13,"column":23},"end":{"line":20,"column":null}}},"1":{"name":"(anonymous_1)","decl":{"start":{"line":15,"column":29},"end":{"line":15,"column":35}},"loc":{"start":{"line":15,"column":35},"end":{"line":15,"column":null}}},"2":{"name":"(anonymous_2)","decl":{"start":{"line":19,"column":11},"end":{"line":19,"column":17}},"loc":{"start":{"line":19,"column":17},"end":{"line":19,"column":39}}},"3":{"name":"getWidget","decl":{"start":{"line":23,"column":16},"end":{"line":23,"column":79}},"loc":{"start":{"line":23,"column":86},"end":{"line":35,"column":null}}},"4":{"name":"(anonymous_4)","decl":{"start":{"line":30,"column":29},"end":{"line":30,"column":34}},"loc":{"start":{"line":30,"column":34},"end":{"line":32,"column":null}}}},"branchMap":{"0":{"loc":{"start":{"line":19,"column":17},"end":{"line":19,"column":34}},"type":"binary-expr","locations":[{"start":{"line":19,"column":17},"end":{"line":19,"column":34}},{"start":{"line":19,"column":34},"end":{"line":19,"column":39}}]},"1":{"loc":{"start":{"line":26,"column":2},"end":{"line":28,"column":null}},"type":"if","locations":[{"start":{"line":26,"column":2},"end":{"line":28,"column":null}},{"start":{"line":26,"column":2},"end":{"line":28,"column":null}}]}},"s":{"0":3,"1":3,"2":3,"3":3,"4":3,"5":3,"6":3,"7":3,"8":3,"9":3,"10":0,"11":3,"12":3,"13":3,"14":3},"f":{"0":3,"1":3,"2":3,"3":3,"4":3},"b":{"0":[3,3],"1":[0,3]}}
,"/Users/xiongyuyan/Documents/Studyspace/Vue3/vue3-ts-jsonschema-form/lib/types.ts": {"path":"/Users/xiongyuyan/Documents/Studyspace/Vue3/vue3-ts-jsonschema-form/lib/types.ts","statementMap":{"0":{"start":{"line":3,"column":0},"end":{"line":3,"column":12}},"1":{"start":{"line":4,"column":2},"end":{"line":4,"column":null}},"2":{"start":{"line":5,"column":2},"end":{"line":5,"column":null}},"3":{"start":{"line":6,"column":2},"end":{"line":6,"column":null}},"4":{"start":{"line":7,"column":2},"end":{"line":7,"column":null}},"5":{"start":{"line":8,"column":2},"end":{"line":8,"column":null}},"6":{"start":{"line":9,"column":2},"end":{"line":9,"column":null}},"7":{"start":{"line":51,"column":32},"end":{"line":51,"column":null}},"8":{"start":{"line":70,"column":39},"end":{"line":70,"column":null}},"9":{"start":{"line":78,"column":43},"end":{"line":78,"column":null}},"10":{"start":{"line":103,"column":0},"end":{"line":103,"column":12}},"11":{"start":{"line":104,"column":2},"end":{"line":104,"column":null}},"12":{"start":{"line":107,"column":0},"end":{"line":107,"column":12}},"13":{"start":{"line":108,"column":2},"end":{"line":108,"column":null}},"14":{"start":{"line":109,"column":2},"end":{"line":109,"column":null}}},"fnMap":{"0":{"name":"(anonymous_0)","decl":{"start":{"line":3,"column":0},"end":{"line":3,"column":12}},"loc":{"start":{"line":3,"column":23},"end":{"line":10,"column":null}}},"1":{"name":"(anonymous_1)","decl":{"start":{"line":103,"column":0},"end":{"line":103,"column":12}},"loc":{"start":{"line":103,"column":32},"end":{"line":105,"column":null}}},"2":{"name":"(anonymous_2)","decl":{"start":{"line":107,"column":0},"end":{"line":107,"column":12}},"loc":{"start":{"line":107,"column":29},"end":{"line":110,"column":null}}}},"branchMap":{"0":{"loc":{"start":{"line":3,"column":12},"end":{"line":3,"column":23}},"type":"binary-expr","locations":[{"start":{"line":3,"column":12},"end":{"line":3,"column":23}},{"start":{"line":3,"column":23},"end":{"line":3,"column":null}}]},"1":{"loc":{"start":{"line":103,"column":12},"end":{"line":103,"column":32}},"type":"binary-expr","locations":[{"start":{"line":103,"column":12},"end":{"line":103,"column":32}},{"start":{"line":103,"column":32},"end":{"line":103,"column":null}}]},"2":{"loc":{"start":{"line":107,"column":12},"end":{"line":107,"column":29}},"type":"binary-expr","locations":[{"start":{"line":107,"column":12},"end":{"line":107,"column":29}},{"start":{"line":107,"column":29},"end":{"line":107,"column":null}}]}},"s":{"0":3,"1":3,"2":3,"3":3,"4":3,"5":3,"6":3,"7":3,"8":3,"9":3,"10":3,"11":3,"12":3,"13":3,"14":3},"f":{"0":3,"1":3,"2":3},"b":{"0":[3,3],"1":[3,3],"2":[3,3]}}
,"/Users/xiongyuyan/Documents/Studyspace/Vue3/vue3-ts-jsonschema-form/lib/utils.ts": {"path":"/Users/xiongyuyan/Documents/Studyspace/Vue3/vue3-ts-jsonschema-form/lib/utils.ts","statementMap":{"0":{"start":{"line":1,"column":0},"end":{"line":1,"column":null}},"1":{"start":{"line":5,"column":0},"end":{"line":5,"column":null}},"2":{"start":{"line":6,"column":0},"end":{"line":6,"column":null}},"3":{"start":{"line":7,"column":0},"end":{"line":7,"column":null}},"4":{"start":{"line":10,"column":2},"end":{"line":10,"column":9}},"5":{"start":{"line":14,"column":2},"end":{"line":14,"column":9}},"6":{"start":{"line":22,"column":2},"end":{"line":22,"column":9}},"7":{"start":{"line":29,"column":24},"end":{"line":29,"column":28}},"8":{"start":{"line":31,"column":16},"end":{"line":31,"column":31}},"9":{"start":{"line":32,"column":2},"end":{"line":32,"column":9}},"10":{"start":{"line":41,"column":2},"end":{"line":56,"column":null}},"11":{"start":{"line":42,"column":4},"end":{"line":42,"column":11}},"12":{"start":{"line":43,"column":9},"end":{"line":56,"column":null}},"13":{"start":{"line":44,"column":27},"end":{"line":44,"column":47}},"14":{"start":{"line":45,"column":4},"end":{"line":45,"column":11}},"15":{"start":{"line":46,"column":9},"end":{"line":56,"column":null}},"16":{"start":{"line":47,"column":4},"end":{"line":47,"column":11}},"17":{"start":{"line":50,"column":8},"end":{"line":50,"column":23}},"18":{"start":{"line":55,"column":4},"end":{"line":55,"column":11}},"19":{"start":{"line":64,"column":2},"end":{"line":66,"column":null}},"20":{"start":{"line":65,"column":4},"end":{"line":65,"column":11}},"21":{"start":{"line":67,"column":23},"end":{"line":67,"column":37}},"22":{"start":{"line":70,"column":2},"end":{"line":82,"column":null}},"23":{"start":{"line":71,"column":4},"end":{"line":81,"column":null}},"24":{"start":{"line":72,"column":6},"end":{"line":72,"column":20}},"25":{"start":{"line":78,"column":6},"end":{"line":78,"column":13}},"26":{"start":{"line":79,"column":55},"end":{"line":79,"column":null}},"27":{"start":{"line":80,"column":6},"end":{"line":80,"column":13}},"28":{"start":{"line":84,"column":4},"end":{"line":85,"column":null}},"29":{"start":{"line":86,"column":2},"end":{"line":93,"column":null}},"30":{"start":{"line":88,"column":4},"end":{"line":88,"column":11}},"31":{"start":{"line":94,"column":2},"end":{"line":94,"column":9}},"32":{"start":{"line":97,"column":40},"end":{"line":97,"column":null}},"33":{"start":{"line":105,"column":2},"end":{"line":105,"column":8}},"34":{"start":{"line":110,"column":2},"end":{"line":110,"column":8}},"35":{"start":{"line":111,"column":4},"end":{"line":114,"column":null}},"36":{"start":{"line":113,"column":6},"end":{"line":113,"column":null}},"37":{"start":{"line":117,"column":4},"end":{"line":127,"column":null}},"38":{"start":{"line":118,"column":6},"end":{"line":118,"column":26}},"39":{"start":{"line":123,"column":11},"end":{"line":127,"column":null}},"40":{"start":{"line":124,"column":6},"end":{"line":124,"column":26}},"41":{"start":{"line":126,"column":6},"end":{"line":126,"column":26}},"42":{"start":{"line":130,"column":6},"end":{"line":130,"column":20}},"43":{"start":{"line":132,"column":6},"end":{"line":132,"column":20}},"44":{"start":{"line":135,"column":2},"end":{"line":135,"column":9}},"45":{"start":{"line":153,"column":21},"end":{"line":153,"column":42}},"46":{"start":{"line":155,"column":35},"end":{"line":155,"column":null}},"47":{"start":{"line":157,"column":2},"end":{"line":157,"column":9}},"48":{"start":{"line":161,"column":18},"end":{"line":161,"column":null}},"49":{"start":{"line":162,"column":2},"end":{"line":167,"column":null}},"50":{"start":{"line":164,"column":4},"end":{"line":164,"column":8}},"51":{"start":{"line":166,"column":4},"end":{"line":166,"column":10}},"52":{"start":{"line":168,"column":18},"end":{"line":168,"column":30}},"53":{"start":{"line":169,"column":2},"end":{"line":171,"column":null}},"54":{"start":{"line":170,"column":4},"end":{"line":170,"column":10}},"55":{"start":{"line":172,"column":2},"end":{"line":175,"column":null}},"56":{"start":{"line":174,"column":4},"end":{"line":174,"column":11}},"57":{"start":{"line":176,"column":2},"end":{"line":176,"column":9}},"58":{"start":{"line":185,"column":49},"end":{"line":185,"column":56}},"59":{"start":{"line":186,"column":2},"end":{"line":196,"column":null}},"60":{"start":{"line":187,"column":4},"end":{"line":187,"column":18}},"61":{"start":{"line":191,"column":9},"end":{"line":196,"column":null}},"62":{"start":{"line":192,"column":4},"end":{"line":192,"column":18}},"63":{"start":{"line":197,"column":2},"end":{"line":197,"column":9}},"64":{"start":{"line":206,"column":2},"end":{"line":239,"column":null}},"65":{"start":{"line":208,"column":4},"end":{"line":210,"column":null}},"66":{"start":{"line":209,"column":6},"end":{"line":209,"column":null}},"67":{"start":{"line":212,"column":4},"end":{"line":217,"column":null}},"68":{"start":{"line":216,"column":6},"end":{"line":216,"column":null}},"69":{"start":{"line":221,"column":8},"end":{"line":221,"column":null}},"70":{"start":{"line":222,"column":4},"end":{"line":232,"column":null}},"71":{"start":{"line":223,"column":6},"end":{"line":223,"column":20}},"72":{"start":{"line":224,"column":11},"end":{"line":232,"column":null}},"73":{"start":{"line":225,"column":6},"end":{"line":225,"column":20}},"74":{"start":{"line":233,"column":4},"end":{"line":233,"column":11}},"75":{"start":{"line":240,"column":2},"end":{"line":240,"column":9}},"76":{"start":{"line":244,"column":2},"end":{"line":246,"column":null}},"77":{"start":{"line":245,"column":4},"end":{"line":245,"column":11}},"78":{"start":{"line":247,"column":19},"end":{"line":249,"column":null}},"79":{"start":{"line":250,"column":2},"end":{"line":250,"column":9}},"80":{"start":{"line":261,"column":40},"end":{"line":261,"column":null}},"81":{"start":{"line":266,"column":2},"end":{"line":266,"column":8}},"82":{"start":{"line":268,"column":2},"end":{"line":272,"column":null}},"83":{"start":{"line":269,"column":4},"end":{"line":269,"column":11}},"84":{"start":{"line":270,"column":9},"end":{"line":272,"column":null}},"85":{"start":{"line":271,"column":4},"end":{"line":271,"column":10}},"86":{"start":{"line":274,"column":24},"end":{"line":274,"column":29}},"87":{"start":{"line":275,"column":4},"end":{"line":277,"column":null}},"88":{"start":{"line":279,"column":2},"end":{"line":279,"column":9}},"89":{"start":{"line":295,"column":26},"end":{"line":295,"column":31}},"90":{"start":{"line":296,"column":4},"end":{"line":298,"column":null}},"91":{"start":{"line":297,"column":6},"end":{"line":297,"column":13}},"92":{"start":{"line":299,"column":57},"end":{"line":299,"column":null}},"93":{"start":{"line":300,"column":4},"end":{"line":310,"column":null}},"94":{"start":{"line":301,"column":30},"end":{"line":301,"column":null}},"95":{"start":{"line":308,"column":25},"end":{"line":308,"column":38}},"96":{"start":{"line":309,"column":6},"end":{"line":309,"column":13}},"97":{"start":{"line":312,"column":2},"end":{"line":317,"column":null}},"98":{"start":{"line":313,"column":4},"end":{"line":313,"column":11}},"99":{"start":{"line":316,"column":4},"end":{"line":316,"column":11}},"100":{"start":{"line":319,"column":20},"end":{"line":319,"column":36}},"101":{"start":{"line":323,"column":6},"end":{"line":323,"column":null}},"102":{"start":{"line":324,"column":26},"end":{"line":324,"column":28}},"103":{"start":{"line":325,"column":2},"end":{"line":325,"column":9}},"104":{"start":{"line":338,"column":14},"end":{"line":338,"column":20}},"105":{"start":{"line":339,"column":2},"end":{"line":339,"column":9}},"106":{"start":{"line":340,"column":17},"end":{"line":340,"column":null}},"107":{"start":{"line":341,"column":14},"end":{"line":341,"column":19}},"108":{"start":{"line":342,"column":4},"end":{"line":357,"column":null}},"109":{"start":{"line":343,"column":6},"end":{"line":343,"column":9}},"110":{"start":{"line":344,"column":11},"end":{"line":357,"column":null}},"111":{"start":{"line":354,"column":6},"end":{"line":354,"column":9}},"112":{"start":{"line":356,"column":6},"end":{"line":356,"column":9}},"113":{"start":{"line":358,"column":4},"end":{"line":358,"column":11}},"114":{"start":{"line":372,"column":19},"end":{"line":372,"column":null}},"115":{"start":{"line":374,"column":2},"end":{"line":376,"column":null}},"116":{"start":{"line":375,"column":4},"end":{"line":375,"column":11}},"117":{"start":{"line":378,"column":2},"end":{"line":380,"column":null}},"118":{"start":{"line":379,"column":4},"end":{"line":379,"column":11}},"119":{"start":{"line":382,"column":2},"end":{"line":384,"column":null}},"120":{"start":{"line":383,"column":4},"end":{"line":383,"column":11}},"121":{"start":{"line":386,"column":17},"end":{"line":386,"column":null}},"122":{"start":{"line":387,"column":2},"end":{"line":389,"column":null}},"123":{"start":{"line":388,"column":4},"end":{"line":388,"column":11}},"124":{"start":{"line":388,"column":28},"end":{"line":388,"column":null}},"125":{"start":{"line":391,"column":2},"end":{"line":391,"column":9}},"126":{"start":{"line":420,"column":25},"end":{"line":436,"column":null}},"127":{"start":{"line":421,"column":2},"end":{"line":433,"column":null}},"128":{"start":{"line":422,"column":4},"end":{"line":422,"column":11}},"129":{"start":{"line":423,"column":9},"end":{"line":433,"column":null}},"130":{"start":{"line":424,"column":4},"end":{"line":424,"column":11}},"131":{"start":{"line":425,"column":9},"end":{"line":433,"column":null}},"132":{"start":{"line":426,"column":4},"end":{"line":426,"column":11}},"133":{"start":{"line":427,"column":9},"end":{"line":433,"column":null}},"134":{"start":{"line":428,"column":4},"end":{"line":428,"column":11}},"135":{"start":{"line":429,"column":9},"end":{"line":433,"column":null}},"136":{"start":{"line":430,"column":4},"end":{"line":430,"column":11}},"137":{"start":{"line":431,"column":9},"end":{"line":433,"column":null}},"138":{"start":{"line":432,"column":4},"end":{"line":432,"column":11}},"139":{"start":{"line":435,"column":2},"end":{"line":435,"column":9}},"140":{"start":{"line":439,"column":2},"end":{"line":439,"column":null}},"141":{"start":{"line":446,"column":17},"end":{"line":446,"column":32}},"142":{"start":{"line":447,"column":21},"end":{"line":447,"column":null}},"143":{"start":{"line":448,"column":2},"end":{"line":452,"column":null}},"144":{"start":{"line":449,"column":4},"end":{"line":449,"column":11}},"145":{"start":{"line":450,"column":9},"end":{"line":452,"column":null}},"146":{"start":{"line":451,"column":4},"end":{"line":451,"column":11}},"147":{"start":{"line":451,"column":44},"end":{"line":451,"column":55}},"148":{"start":{"line":453,"column":2},"end":{"line":453,"column":9}},"149":{"start":{"line":457,"column":2},"end":{"line":459,"column":null}},"150":{"start":{"line":458,"column":4},"end":{"line":458,"column":11}},"151":{"start":{"line":460,"column":2},"end":{"line":460,"column":9}},"152":{"start":{"line":469,"column":2},"end":{"line":519,"column":null}},"153":{"start":{"line":469,"column":15},"end":{"line":469,"column":18}},"154":{"start":{"line":470,"column":19},"end":{"line":470,"column":27}},"155":{"start":{"line":479,"column":4},"end":{"line":518,"column":null}},"156":{"start":{"line":482,"column":28},"end":{"line":482,"column":null}},"157":{"start":{"line":483,"column":60},"end":{"line":483,"column":null}},"158":{"start":{"line":491,"column":6},"end":{"line":507,"column":null}},"159":{"start":{"line":493,"column":36},"end":{"line":493,"column":null}},"160":{"start":{"line":495,"column":8},"end":{"line":500,"column":null}},"161":{"start":{"line":496,"column":10},"end":{"line":496,"column":22}},"162":{"start":{"line":499,"column":10},"end":{"line":499,"column":22}},"163":{"start":{"line":502,"column":8},"end":{"line":502,"column":20}},"164":{"start":{"line":504,"column":8},"end":{"line":504,"column":23}},"165":{"start":{"line":506,"column":8},"end":{"line":506,"column":23}},"166":{"start":{"line":511,"column":6},"end":{"line":511,"column":13}},"167":{"start":{"line":513,"column":6},"end":{"line":515,"column":null}},"168":{"start":{"line":514,"column":8},"end":{"line":514,"column":15}},"169":{"start":{"line":516,"column":11},"end":{"line":518,"column":null}},"170":{"start":{"line":517,"column":6},"end":{"line":517,"column":13}},"171":{"start":{"line":520,"column":2},"end":{"line":520,"column":9}},"172":{"start":{"line":524,"column":2},"end":{"line":545,"column":null}},"173":{"start":{"line":525,"column":4},"end":{"line":527,"column":null}},"174":{"start":{"line":526,"column":6},"end":{"line":526,"column":14}},"175":{"start":{"line":528,"column":4},"end":{"line":528,"column":11}},"176":{"start":{"line":529,"column":6},"end":{"line":531,"column":null}},"177":{"start":{"line":530,"column":8},"end":{"line":530,"column":15}},"178":{"start":{"line":532,"column":6},"end":{"line":532,"column":13}},"179":{"start":{"line":534,"column":9},"end":{"line":545,"column":null}},"180":{"start":{"line":535,"column":16},"end":{"line":535,"column":22}},"181":{"start":{"line":536,"column":4},"end":{"line":536,"column":11}},"182":{"start":{"line":537,"column":6},"end":{"line":537,"column":9}},"183":{"start":{"line":541,"column":6},"end":{"line":541,"column":13}},"184":{"start":{"line":544,"column":4},"end":{"line":544,"column":11}},"185":{"start":{"line":554,"column":2},"end":{"line":556,"column":null}},"186":{"start":{"line":555,"column":4},"end":{"line":555,"column":10}},"187":{"start":{"line":558,"column":19},"end":{"line":558,"column":null}},"188":{"start":{"line":567,"column":2},"end":{"line":570,"column":null}},"189":{"start":{"line":569,"column":4},"end":{"line":569,"column":11}},"190":{"start":{"line":571,"column":2},"end":{"line":573,"column":null}},"191":{"start":{"line":572,"column":4},"end":{"line":572,"column":11}},"192":{"start":{"line":574,"column":2},"end":{"line":576,"column":null}},"193":{"start":{"line":575,"column":4},"end":{"line":575,"column":11}},"194":{"start":{"line":577,"column":2},"end":{"line":577,"column":9}}},"fnMap":{"0":{"name":"isObject","decl":{"start":{"line":9,"column":16},"end":{"line":9,"column":25}},"loc":{"start":{"line":9,"column":35},"end":{"line":11,"column":null}}},"1":{"name":"isEmptyObject","decl":{"start":{"line":13,"column":16},"end":{"line":13,"column":30}},"loc":{"start":{"line":13,"column":40},"end":{"line":15,"column":null}}},"2":{"name":"hasOwnProperty","decl":{"start":{"line":17,"column":16},"end":{"line":17,"column":31}},"loc":{"start":{"line":17,"column":52},"end":{"line":23,"column":null}}},"3":{"name":"validateData","decl":{"start":{"line":30,"column":16},"end":{"line":30,"column":29}},"loc":{"start":{"line":30,"column":51},"end":{"line":36,"column":null}}},"4":{"name":"resolveSchema","decl":{"start":{"line":40,"column":16},"end":{"line":40,"column":30}},"loc":{"start":{"line":40,"column":76},"end":{"line":57,"column":null}}},"5":{"name":"(anonymous_5)","decl":{"start":{"line":49,"column":31},"end":{"line":49,"column":null}},"loc":{"start":{"line":50,"column":8},"end":{"line":50,"column":23}}},"6":{"name":"retrieveSchema","decl":{"start":{"line":59,"column":16},"end":{"line":59,"column":null}},"loc":{"start":{"line":62,"column":20},"end":{"line":95,"column":null}}},"7":{"name":"stubExistingAdditionalProperties","decl":{"start":{"line":99,"column":16},"end":{"line":99,"column":null}},"loc":{"start":{"line":102,"column":20},"end":{"line":136,"column":null}}},"8":{"name":"(anonymous_8)","decl":{"start":{"line":110,"column":33},"end":{"line":110,"column":40}},"loc":{"start":{"line":110,"column":40},"end":{"line":133,"column":null}}},"9":{"name":"resolveReference","decl":{"start":{"line":151,"column":9},"end":{"line":151,"column":26}},"loc":{"start":{"line":151,"column":69},"end":{"line":158,"column":null}}},"10":{"name":"findSchemaDefinition","decl":{"start":{"line":160,"column":16},"end":{"line":160,"column":37}},"loc":{"start":{"line":160,"column":66},"end":{"line":177,"column":null}}},"11":{"name":"resolveDependencies","decl":{"start":{"line":179,"column":9},"end":{"line":179,"column":null}},"loc":{"start":{"line":182,"column":15},"end":{"line":198,"column":null}}},"12":{"name":"processDependencies","decl":{"start":{"line":199,"column":9},"end":{"line":199,"column":null}},"loc":{"start":{"line":203,"column":15},"end":{"line":241,"column":null}}},"13":{"name":"withDependentProperties","decl":{"start":{"line":243,"column":9},"end":{"line":243,"column":33}},"loc":{"start":{"line":243,"column":71},"end":{"line":251,"column":null}}},"14":{"name":"withDependentSchema","decl":{"start":{"line":253,"column":9},"end":{"line":253,"column":null}},"loc":{"start":{"line":258,"column":22},"end":{"line":286,"column":null}}},"15":{"name":"(anonymous_15)","decl":{"start":{"line":274,"column":35},"end":{"line":274,"column":null}},"loc":{"start":{"line":275,"column":4},"end":{"line":277,"column":null}}},"16":{"name":"withExactlyOneSubschema","decl":{"start":{"line":288,"column":9},"end":{"line":288,"column":null}},"loc":{"start":{"line":293,"column":12},"end":{"line":330,"column":null}}},"17":{"name":"(anonymous_17)","decl":{"start":{"line":295,"column":40},"end":{"line":295,"column":58}},"loc":{"start":{"line":295,"column":58},"end":{"line":311,"column":null}}},"18":{"name":"mergeSchemas","decl":{"start":{"line":337,"column":16},"end":{"line":337,"column":29}},"loc":{"start":{"line":337,"column":49},"end":{"line":360,"column":null}}},"19":{"name":"(anonymous_19)","decl":{"start":{"line":339,"column":34},"end":{"line":339,"column":35}},"loc":{"start":{"line":339,"column":47},"end":{"line":359,"column":5}}},"20":{"name":"getSchemaType","decl":{"start":{"line":371,"column":16},"end":{"line":371,"column":30}},"loc":{"start":{"line":371,"column":44},"end":{"line":416,"column":null}}},"21":{"name":"(anonymous_21)","decl":{"start":{"line":388,"column":19},"end":{"line":388,"column":28}},"loc":{"start":{"line":388,"column":28},"end":{"line":388,"column":null}}},"22":{"name":"guessType","decl":{"start":{"line":420,"column":34},"end":{"line":420,"column":44}},"loc":{"start":{"line":420,"column":54},"end":{"line":436,"column":null}}},"23":{"name":"isConstant","decl":{"start":{"line":438,"column":16},"end":{"line":438,"column":27}},"loc":{"start":{"line":438,"column":41},"end":{"line":443,"column":null}}},"24":{"name":"isSelect","decl":{"start":{"line":445,"column":16},"end":{"line":445,"column":25}},"loc":{"start":{"line":445,"column":62},"end":{"line":454,"column":null}}},"25":{"name":"(anonymous_25)","decl":{"start":{"line":451,"column":29},"end":{"line":451,"column":44}},"loc":{"start":{"line":451,"column":44},"end":{"line":451,"column":55}}},"26":{"name":"isMultiSelect","decl":{"start":{"line":456,"column":16},"end":{"line":456,"column":30}},"loc":{"start":{"line":456,"column":69},"end":{"line":461,"column":null}}},"27":{"name":"getMatchingOption","decl":{"start":{"line":464,"column":16},"end":{"line":464,"column":null}},"loc":{"start":{"line":467,"column":49},"end":{"line":521,"column":null}}},"28":{"name":"(anonymous_28)","decl":{"start":{"line":483,"column":51},"end":{"line":483,"column":60}},"loc":{"start":{"line":483,"column":60},"end":{"line":483,"column":null}}},"29":{"name":"mergeDefaultsWithFormData","decl":{"start":{"line":523,"column":16},"end":{"line":523,"column":42}},"loc":{"start":{"line":523,"column":70},"end":{"line":546,"column":null}}},"30":{"name":"(anonymous_30)","decl":{"start":{"line":528,"column":24},"end":{"line":528,"column":25}},"loc":{"start":{"line":528,"column":39},"end":{"line":533,"column":null}}},"31":{"name":"(anonymous_31)","decl":{"start":{"line":536,"column":40},"end":{"line":536,"column":41}},"loc":{"start":{"line":536,"column":53},"end":{"line":542,"column":7}}},"32":{"name":"getDefaultFormState","decl":{"start":{"line":548,"column":16},"end":{"line":548,"column":null}},"loc":{"start":{"line":550,"column":15},"end":{"line":578,"column":null}}}},"branchMap":{"0":{"loc":{"start":{"line":10,"column":9},"end":{"line":10,"column":38}},"type":"binary-expr","locations":[{"start":{"line":10,"column":9},"end":{"line":10,"column":38}},{"start":{"line":10,"column":38},"end":{"line":10,"column":56}},{"start":{"line":10,"column":56},"end":{"line":10,"column":62}}]},"1":{"loc":{"start":{"line":14,"column":9},"end":{"line":14,"column":18}},"type":"binary-expr","locations":[{"start":{"line":14,"column":9},"end":{"line":14,"column":18}},{"start":{"line":14,"column":28},"end":{"line":14,"column":null}}]},"2":{"loc":{"start":{"line":40,"column":59},"end":{"line":40,"column":63}},"type":"default-arg","locations":[{"start":{"line":40,"column":59},"end":{"line":40,"column":63}}]},"3":{"loc":{"start":{"line":40,"column":74},"end":{"line":40,"column":76}},"type":"default-arg","locations":[{"start":{"line":40,"column":74},"end":{"line":40,"column":76}}]},"4":{"loc":{"start":{"line":41,"column":2},"end":{"line":56,"column":null}},"type":"if","locations":[{"start":{"line":41,"column":2},"end":{"line":56,"column":null}},{"start":{"line":41,"column":2},"end":{"line":56,"column":null}}]},"5":{"loc":{"start":{"line":43,"column":9},"end":{"line":56,"column":null}},"type":"if","locations":[{"start":{"line":43,"column":9},"end":{"line":56,"column":null}},{"start":{"line":43,"column":9},"end":{"line":56,"column":null}}]},"6":{"loc":{"start":{"line":46,"column":9},"end":{"line":56,"column":null}},"type":"if","locations":[{"start":{"line":46,"column":9},"end":{"line":56,"column":null}},{"start":{"line":46,"column":9},"end":{"line":56,"column":null}}]},"7":{"loc":{"start":{"line":46,"column":13},"end":{"line":46,"column":28}},"type":"binary-expr","locations":[{"start":{"line":46,"column":13},"end":{"line":46,"column":28}},{"start":{"line":46,"column":48},"end":{"line":46,"column":53}}]},"8":{"loc":{"start":{"line":61,"column":15},"end":{"line":61,"column":null}},"type":"default-arg","locations":[{"start":{"line":61,"column":15},"end":{"line":61,"column":null}}]},"9":{"loc":{"start":{"line":62,"column":18},"end":{"line":62,"column":20}},"type":"default-arg","locations":[{"start":{"line":62,"column":18},"end":{"line":62,"column":20}}]},"10":{"loc":{"start":{"line":64,"column":2},"end":{"line":66,"column":null}},"type":"if","locations":[{"start":{"line":64,"column":2},"end":{"line":66,"column":null}},{"start":{"line":64,"column":2},"end":{"line":66,"column":null}}]},"11":{"loc":{"start":{"line":70,"column":2},"end":{"line":82,"column":null}},"type":"if","locations":[{"start":{"line":70,"column":2},"end":{"line":82,"column":null}},{"start":{"line":70,"column":2},"end":{"line":82,"column":null}}]},"12":{"loc":{"start":{"line":84,"column":4},"end":{"line":84,"column":18}},"type":"binary-expr","locations":[{"start":{"line":84,"column":4},"end":{"line":84,"column":18}},{"start":{"line":85,"column":4},"end":{"line":85,"column":null}}]},"13":{"loc":{"start":{"line":86,"column":2},"end":{"line":93,"column":null}},"type":"if","locations":[{"start":{"line":86,"column":2},"end":{"line":93,"column":null}},{"start":{"line":86,"column":2},"end":{"line":93,"column":null}}]},"14":{"loc":{"start":{"line":101,"column":23},"end":{"line":101,"column":null}},"type":"default-arg","locations":[{"start":{"line":101,"column":23},"end":{"line":101,"column":null}}]},"15":{"loc":{"start":{"line":102,"column":18},"end":{"line":102,"column":20}},"type":"default-arg","locations":[{"start":{"line":102,"column":18},"end":{"line":102,"column":20}}]},"16":{"loc":{"start":{"line":111,"column":4},"end":{"line":114,"column":null}},"type":"if","locations":[{"start":{"line":111,"column":4},"end":{"line":114,"column":null}},{"start":{"line":111,"column":4},"end":{"line":114,"column":null}}]},"17":{"loc":{"start":{"line":117,"column":4},"end":{"line":127,"column":null}},"type":"if","locations":[{"start":{"line":117,"column":4},"end":{"line":127,"column":null}},{"start":{"line":117,"column":4},"end":{"line":127,"column":null}}]},"18":{"loc":{"start":{"line":123,"column":11},"end":{"line":127,"column":null}},"type":"if","locations":[{"start":{"line":123,"column":11},"end":{"line":127,"column":null}},{"start":{"line":123,"column":11},"end":{"line":127,"column":null}}]},"19":{"loc":{"start":{"line":160,"column":64},"end":{"line":160,"column":66}},"type":"default-arg","locations":[{"start":{"line":160,"column":64},"end":{"line":160,"column":66}}]},"20":{"loc":{"start":{"line":162,"column":2},"end":{"line":167,"column":null}},"type":"if","locations":[{"start":{"line":162,"column":2},"end":{"line":167,"column":null}},{"start":{"line":162,"column":2},"end":{"line":167,"column":null}}]},"21":{"loc":{"start":{"line":169,"column":2},"end":{"line":171,"column":null}},"type":"if","locations":[{"start":{"line":169,"column":2},"end":{"line":171,"column":null}},{"start":{"line":169,"column":2},"end":{"line":171,"column":null}}]},"22":{"loc":{"start":{"line":172,"column":2},"end":{"line":175,"column":null}},"type":"if","locations":[{"start":{"line":172,"column":2},"end":{"line":175,"column":null}},{"start":{"line":172,"column":2},"end":{"line":175,"column":null}}]},"23":{"loc":{"start":{"line":185,"column":23},"end":{"line":185,"column":27}},"type":"default-arg","locations":[{"start":{"line":185,"column":23},"end":{"line":185,"column":27}}]},"24":{"loc":{"start":{"line":186,"column":2},"end":{"line":196,"column":null}},"type":"if","locations":[{"start":{"line":186,"column":2},"end":{"line":196,"column":null}},{"start":{"line":186,"column":2},"end":{"line":196,"column":null}}]},"25":{"loc":{"start":{"line":191,"column":9},"end":{"line":196,"column":null}},"type":"if","locations":[{"start":{"line":191,"column":9},"end":{"line":196,"column":null}},{"start":{"line":191,"column":9},"end":{"line":196,"column":null}}]},"26":{"loc":{"start":{"line":208,"column":4},"end":{"line":210,"column":null}},"type":"if","locations":[{"start":{"line":208,"column":4},"end":{"line":210,"column":null}},{"start":{"line":208,"column":4},"end":{"line":210,"column":null}}]},"27":{"loc":{"start":{"line":212,"column":4},"end":{"line":217,"column":null}},"type":"if","locations":[{"start":{"line":212,"column":4},"end":{"line":217,"column":null}},{"start":{"line":212,"column":4},"end":{"line":217,"column":null}}]},"28":{"loc":{"start":{"line":213,"column":6},"end":{"line":213,"column":null}},"type":"binary-expr","locations":[{"start":{"line":213,"column":6},"end":{"line":213,"column":null}},{"start":{"line":214,"column":6},"end":{"line":214,"column":8}}]},"29":{"loc":{"start":{"line":222,"column":4},"end":{"line":232,"column":null}},"type":"if","locations":[{"start":{"line":222,"column":4},"end":{"line":232,"column":null}},{"start":{"line":222,"column":4},"end":{"line":232,"column":null}}]},"30":{"loc":{"start":{"line":224,"column":11},"end":{"line":232,"column":null}},"type":"if","locations":[{"start":{"line":224,"column":11},"end":{"line":232,"column":null}},{"start":{"line":224,"column":11},"end":{"line":232,"column":null}}]},"31":{"loc":{"start":{"line":244,"column":2},"end":{"line":246,"column":null}},"type":"if","locations":[{"start":{"line":244,"column":2},"end":{"line":246,"column":null}},{"start":{"line":244,"column":2},"end":{"line":246,"column":null}}]},"32":{"loc":{"start":{"line":248,"column":6},"end":{"line":248,"column":11}},"type":"cond-expr","locations":[{"start":{"line":248,"column":6},"end":{"line":248,"column":11}},{"start":{"line":249,"column":6},"end":{"line":249,"column":null}}]},"33":{"loc":{"start":{"line":268,"column":2},"end":{"line":272,"column":null}},"type":"if","locations":[{"start":{"line":268,"column":2},"end":{"line":272,"column":null}},{"start":{"line":268,"column":2},"end":{"line":272,"column":null}}]},"34":{"loc":{"start":{"line":270,"column":9},"end":{"line":272,"column":null}},"type":"if","locations":[{"start":{"line":270,"column":9},"end":{"line":272,"column":null}},{"start":{"line":270,"column":9},"end":{"line":272,"column":null}}]},"35":{"loc":{"start":{"line":276,"column":8},"end":{"line":276,"column":25}},"type":"cond-expr","locations":[{"start":{"line":276,"column":8},"end":{"line":276,"column":25}},{"start":{"line":277,"column":8},"end":{"line":277,"column":null}}]},"36":{"loc":{"start":{"line":296,"column":4},"end":{"line":298,"column":null}},"type":"if","locations":[{"start":{"line":296,"column":4},"end":{"line":298,"column":null}},{"start":{"line":296,"column":4},"end":{"line":298,"column":null}}]},"37":{"loc":{"start":{"line":300,"column":4},"end":{"line":310,"column":null}},"type":"if","locations":[{"start":{"line":300,"column":4},"end":{"line":310,"column":null}},{"start":{"line":300,"column":4},"end":{"line":310,"column":null}}]},"38":{"loc":{"start":{"line":309,"column":13},"end":{"line":309,"column":24}},"type":"binary-expr","locations":[{"start":{"line":309,"column":13},"end":{"line":309,"column":24}},{"start":{"line":309,"column":24},"end":{"line":309,"column":null}}]},"39":{"loc":{"start":{"line":312,"column":2},"end":{"line":317,"column":null}},"type":"if","locations":[{"start":{"line":312,"column":2},"end":{"line":317,"column":null}},{"start":{"line":312,"column":2},"end":{"line":317,"column":null}}]},"40":{"loc":{"start":{"line":340,"column":24},"end":{"line":340,"column":29}},"type":"cond-expr","locations":[{"start":{"line":340,"column":24},"end":{"line":340,"column":29}},{"start":{"line":340,"column":36},"end":{"line":340,"column":null}}]},"41":{"loc":{"start":{"line":342,"column":4},"end":{"line":357,"column":null}},"type":"if","locations":[{"start":{"line":342,"column":4},"end":{"line":357,"column":null}},{"start":{"line":342,"column":4},"end":{"line":357,"column":null}}]},"42":{"loc":{"start":{"line":342,"column":8},"end":{"line":342,"column":12}},"type":"binary-expr","locations":[{"start":{"line":342,"column":8},"end":{"line":342,"column":12}},{"start":{"line":342,"column":16},"end":{"line":342,"column":31}},{"start":{"line":342,"column":45},"end":{"line":342,"column":54}}]},"43":{"loc":{"start":{"line":344,"column":11},"end":{"line":357,"column":null}},"type":"if","locations":[{"start":{"line":344,"column":11},"end":{"line":357,"column":null}},{"start":{"line":344,"column":11},"end":{"line":357,"column":null}}]},"44":{"loc":{"start":{"line":345,"column":6},"end":{"line":345,"column":10}},"type":"binary-expr","locations":[{"start":{"line":345,"column":6},"end":{"line":345,"column":10}},{"start":{"line":346,"column":6},"end":{"line":346,"column":null}},{"start":{"line":347,"column":7},"end":{"line":347,"column":43}},{"start":{"line":347,"column":43},"end":{"line":347,"column":null}},{"start":{"line":348,"column":6},"end":{"line":348,"column":null}},{"start":{"line":349,"column":6},"end":{"line":349,"column":11}},{"start":{"line":350,"column":6},"end":{"line":350,"column":11}}]},"45":{"loc":{"start":{"line":374,"column":2},"end":{"line":376,"column":null}},"type":"if","locations":[{"start":{"line":374,"column":2},"end":{"line":376,"column":null}},{"start":{"line":374,"column":2},"end":{"line":376,"column":null}}]},"46":{"loc":{"start":{"line":374,"column":6},"end":{"line":374,"column":15}},"type":"binary-expr","locations":[{"start":{"line":374,"column":6},"end":{"line":374,"column":15}},{"start":{"line":374,"column":15},"end":{"line":374,"column":29}}]},"47":{"loc":{"start":{"line":378,"column":2},"end":{"line":380,"column":null}},"type":"if","locations":[{"start":{"line":378,"column":2},"end":{"line":380,"column":null}},{"start":{"line":378,"column":2},"end":{"line":380,"column":null}}]},"48":{"loc":{"start":{"line":378,"column":6},"end":{"line":378,"column":15}},"type":"binary-expr","locations":[{"start":{"line":378,"column":6},"end":{"line":378,"column":15}},{"start":{"line":378,"column":15},"end":{"line":378,"column":28}}]},"49":{"loc":{"start":{"line":382,"column":2},"end":{"line":384,"column":null}},"type":"if","locations":[{"start":{"line":382,"column":2},"end":{"line":384,"column":null}},{"start":{"line":382,"column":2},"end":{"line":384,"column":null}}]},"50":{"loc":{"start":{"line":382,"column":6},"end":{"line":382,"column":16}},"type":"binary-expr","locations":[{"start":{"line":382,"column":6},"end":{"line":382,"column":16}},{"start":{"line":382,"column":16},"end":{"line":382,"column":37}},{"start":{"line":382,"column":37},"end":{"line":382,"column":67}}]},"51":{"loc":{"start":{"line":387,"column":2},"end":{"line":389,"column":null}},"type":"if","locations":[{"start":{"line":387,"column":2},"end":{"line":389,"column":null}},{"start":{"line":387,"column":2},"end":{"line":389,"column":null}}]},"52":{"loc":{"start":{"line":387,"column":6},"end":{"line":387,"column":28}},"type":"binary-expr","locations":[{"start":{"line":387,"column":6},"end":{"line":387,"column":28}},{"start":{"line":387,"column":28},"end":{"line":387,"column":46}},{"start":{"line":387,"column":46},"end":{"line":387,"column":47}}]},"53":{"loc":{"start":{"line":421,"column":2},"end":{"line":433,"column":null}},"type":"if","locations":[{"start":{"line":421,"column":2},"end":{"line":433,"column":null}},{"start":{"line":421,"column":2},"end":{"line":433,"column":null}}]},"54":{"loc":{"start":{"line":423,"column":9},"end":{"line":433,"column":null}},"type":"if","locations":[{"start":{"line":423,"column":9},"end":{"line":433,"column":null}},{"start":{"line":423,"column":9},"end":{"line":433,"column":null}}]},"55":{"loc":{"start":{"line":425,"column":9},"end":{"line":433,"column":null}},"type":"if","locations":[{"start":{"line":425,"column":9},"end":{"line":433,"column":null}},{"start":{"line":425,"column":9},"end":{"line":433,"column":null}}]},"56":{"loc":{"start":{"line":427,"column":9},"end":{"line":433,"column":null}},"type":"if","locations":[{"start":{"line":427,"column":9},"end":{"line":433,"column":null}},{"start":{"line":427,"column":9},"end":{"line":433,"column":null}}]},"57":{"loc":{"start":{"line":429,"column":9},"end":{"line":433,"column":null}},"type":"if","locations":[{"start":{"line":429,"column":9},"end":{"line":433,"column":null}},{"start":{"line":429,"column":9},"end":{"line":433,"column":null}}]},"58":{"loc":{"start":{"line":431,"column":9},"end":{"line":433,"column":null}},"type":"if","locations":[{"start":{"line":431,"column":9},"end":{"line":433,"column":null}},{"start":{"line":431,"column":9},"end":{"line":433,"column":null}}]},"59":{"loc":{"start":{"line":440,"column":5},"end":{"line":440,"column":10}},"type":"binary-expr","locations":[{"start":{"line":440,"column":5},"end":{"line":440,"column":10}},{"start":{"line":440,"column":35},"end":{"line":440,"column":null}},{"start":{"line":441,"column":4},"end":{"line":441,"column":10}}]},"60":{"loc":{"start":{"line":445,"column":60},"end":{"line":445,"column":62}},"type":"default-arg","locations":[{"start":{"line":445,"column":60},"end":{"line":445,"column":62}}]},"61":{"loc":{"start":{"line":447,"column":21},"end":{"line":447,"column":37}},"type":"binary-expr","locations":[{"start":{"line":447,"column":21},"end":{"line":447,"column":37}},{"start":{"line":447,"column":37},"end":{"line":447,"column":null}}]},"62":{"loc":{"start":{"line":448,"column":2},"end":{"line":452,"column":null}},"type":"if","locations":[{"start":{"line":448,"column":2},"end":{"line":452,"column":null}},{"start":{"line":448,"column":2},"end":{"line":452,"column":null}}]},"63":{"loc":{"start":{"line":450,"column":9},"end":{"line":452,"column":null}},"type":"if","locations":[{"start":{"line":450,"column":9},"end":{"line":452,"column":null}},{"start":{"line":450,"column":9},"end":{"line":452,"column":null}}]},"64":{"loc":{"start":{"line":456,"column":67},"end":{"line":456,"column":69}},"type":"default-arg","locations":[{"start":{"line":456,"column":67},"end":{"line":456,"column":69}}]},"65":{"loc":{"start":{"line":457,"column":2},"end":{"line":459,"column":null}},"type":"if","locations":[{"start":{"line":457,"column":2},"end":{"line":459,"column":null}},{"start":{"line":457,"column":2},"end":{"line":459,"column":null}}]},"66":{"loc":{"start":{"line":457,"column":6},"end":{"line":457,"column":29}},"type":"binary-expr","locations":[{"start":{"line":457,"column":6},"end":{"line":457,"column":29}},{"start":{"line":457,"column":29},"end":{"line":457,"column":44}}]},"67":{"loc":{"start":{"line":479,"column":4},"end":{"line":518,"column":null}},"type":"if","locations":[{"start":{"line":479,"column":4},"end":{"line":518,"column":null}},{"start":{"line":479,"column":4},"end":{"line":518,"column":null}}]},"68":{"loc":{"start":{"line":491,"column":6},"end":{"line":507,"column":null}},"type":"if","locations":[{"start":{"line":491,"column":6},"end":{"line":507,"column":null}},{"start":{"line":491,"column":6},"end":{"line":507,"column":null}}]},"69":{"loc":{"start":{"line":495,"column":8},"end":{"line":500,"column":null}},"type":"if","locations":[{"start":{"line":495,"column":8},"end":{"line":500,"column":null}},{"start":{"line":495,"column":8},"end":{"line":500,"column":null}}]},"70":{"loc":{"start":{"line":513,"column":6},"end":{"line":515,"column":null}},"type":"if","locations":[{"start":{"line":513,"column":6},"end":{"line":515,"column":null}},{"start":{"line":513,"column":6},"end":{"line":515,"column":null}}]},"71":{"loc":{"start":{"line":516,"column":11},"end":{"line":518,"column":null}},"type":"if","locations":[{"start":{"line":516,"column":11},"end":{"line":518,"column":null}},{"start":{"line":516,"column":11},"end":{"line":518,"column":null}}]},"72":{"loc":{"start":{"line":524,"column":2},"end":{"line":545,"column":null}},"type":"if","locations":[{"start":{"line":524,"column":2},"end":{"line":545,"column":null}},{"start":{"line":524,"column":2},"end":{"line":545,"column":null}}]},"73":{"loc":{"start":{"line":525,"column":4},"end":{"line":527,"column":null}},"type":"if","locations":[{"start":{"line":525,"column":4},"end":{"line":527,"column":null}},{"start":{"line":525,"column":4},"end":{"line":527,"column":null}}]},"74":{"loc":{"start":{"line":529,"column":6},"end":{"line":531,"column":null}},"type":"if","locations":[{"start":{"line":529,"column":6},"end":{"line":531,"column":null}},{"start":{"line":529,"column":6},"end":{"line":531,"column":null}}]},"75":{"loc":{"start":{"line":534,"column":9},"end":{"line":545,"column":null}},"type":"if","locations":[{"start":{"line":534,"column":9},"end":{"line":545,"column":null}},{"start":{"line":534,"column":9},"end":{"line":545,"column":null}}]},"76":{"loc":{"start":{"line":538,"column":19},"end":{"line":538,"column":28}},"type":"cond-expr","locations":[{"start":{"line":538,"column":19},"end":{"line":538,"column":28}},{"start":{"line":538,"column":35},"end":{"line":538,"column":null}}]},"77":{"loc":{"start":{"line":554,"column":2},"end":{"line":556,"column":null}},"type":"if","locations":[{"start":{"line":554,"column":2},"end":{"line":556,"column":null}},{"start":{"line":554,"column":2},"end":{"line":556,"column":null}}]},"78":{"loc":{"start":{"line":567,"column":2},"end":{"line":570,"column":null}},"type":"if","locations":[{"start":{"line":567,"column":2},"end":{"line":570,"column":null}},{"start":{"line":567,"column":2},"end":{"line":570,"column":null}}]},"79":{"loc":{"start":{"line":571,"column":2},"end":{"line":573,"column":null}},"type":"if","locations":[{"start":{"line":571,"column":2},"end":{"line":573,"column":null}},{"start":{"line":571,"column":2},"end":{"line":573,"column":null}}]},"80":{"loc":{"start":{"line":571,"column":6},"end":{"line":571,"column":15}},"type":"binary-expr","locations":[{"start":{"line":571,"column":6},"end":{"line":571,"column":15}},{"start":{"line":571,"column":28},"end":{"line":571,"column":33}}]},"81":{"loc":{"start":{"line":574,"column":2},"end":{"line":576,"column":null}},"type":"if","locations":[{"start":{"line":574,"column":2},"end":{"line":576,"column":null}},{"start":{"line":574,"column":2},"end":{"line":576,"column":null}}]},"82":{"loc":{"start":{"line":574,"column":6},"end":{"line":574,"column":24}},"type":"binary-expr","locations":[{"start":{"line":574,"column":6},"end":{"line":574,"column":24}},{"start":{"line":574,"column":24},"end":{"line":574,"column":46}},{"start":{"line":574,"column":46},"end":{"line":574,"column":63}}]},"83":{"loc":{"start":{"line":577,"column":9},"end":{"line":577,"column":17}},"type":"binary-expr","locations":[{"start":{"line":577,"column":9},"end":{"line":577,"column":17}},{"start":{"line":577,"column":21},"end":{"line":577,"column":null}}]}},"s":{"0":3,"1":3,"2":3,"3":3,"4":36,"5":0,"6":72,"7":3,"8":0,"9":0,"10":24,"11":0,"12":24,"13":0,"14":0,"15":24,"16":0,"17":0,"18":24,"19":24,"20":0,"21":24,"22":24,"23":0,"24":0,"25":0,"26":0,"27":0,"28":24,"29":24,"30":0,"31":24,"32":3,"33":0,"34":0,"35":0,"36":0,"37":0,"38":0,"39":0,"40":0,"41":0,"42":0,"43":0,"44":0,"45":0,"46":0,"47":0,"48":0,"49":0,"50":0,"51":0,"52":0,"53":0,"54":0,"55":0,"56":0,"57":0,"58":0,"59":0,"60":0,"61":0,"62":0,"63":0,"64":0,"65":0,"66":0,"67":0,"68":0,"69":0,"70":0,"71":0,"72":0,"73":0,"74":0,"75":0,"76":0,"77":0,"78":0,"79":0,"80":0,"81":0,"82":0,"83":0,"84":0,"85":0,"86":0,"87":0,"88":0,"89":0,"90":0,"91":0,"92":0,"93":0,"94":0,"95":0,"96":0,"97":0,"98":0,"99":0,"100":0,"101":0,"102":0,"103":0,"104":0,"105":0,"106":0,"107":0,"108":0,"109":0,"110":0,"111":0,"112":0,"113":0,"114":0,"115":0,"116":0,"117":0,"118":0,"119":0,"120":0,"121":0,"122":0,"123":0,"124":0,"125":0,"126":3,"127":0,"128":0,"129":0,"130":0,"131":0,"132":0,"133":0,"134":0,"135":0,"136":0,"137":0,"138":0,"139":0,"140":0,"141":0,"142":0,"143":0,"144":0,"145":0,"146":0,"147":0,"148":0,"149":0,"150":0,"151":0,"152":0,"153":0,"154":0,"155":0,"156":0,"157":0,"158":0,"159":0,"160":0,"161":0,"162":0,"163":0,"164":0,"165":0,"166":0,"167":0,"168":0,"169":0,"170":0,"171":0,"172":0,"173":0,"174":0,"175":0,"176":0,"177":0,"178":0,"179":0,"180":0,"181":0,"182":0,"183":0,"184":0,"185":0,"186":0,"187":0,"188":0,"189":0,"190":0,"191":0,"192":0,"193":0,"194":0},"f":{"0":36,"1":0,"2":72,"3":0,"4":24,"5":0,"6":24,"7":0,"8":0,"9":0,"10":0,"11":0,"12":0,"13":0,"14":0,"15":0,"16":0,"17":0,"18":0,"19":0,"20":0,"21":0,"22":0,"23":0,"24":0,"25":0,"26":0,"27":0,"28":0,"29":0,"30":0,"31":0,"32":0},"b":{"0":[36,33,33],"1":[0,0],"2":[0],"3":[0],"4":[0,24],"5":[0,24],"6":[0,24],"7":[24,0],"8":[0],"9":[12],"10":[0,24],"11":[0,24],"12":[24,0],"13":[0,24],"14":[0],"15":[0],"16":[0,0],"17":[0,0],"18":[0,0],"19":[0],"20":[0,0],"21":[0,0],"22":[0,0],"23":[0],"24":[0,0],"25":[0,0],"26":[0,0],"27":[0,0],"28":[0,0],"29":[0,0],"30":[0,0],"31":[0,0],"32":[0,0],"33":[0,0],"34":[0,0],"35":[0,0],"36":[0,0],"37":[0,0],"38":[0,0],"39":[0,0],"40":[0,0],"41":[0,0],"42":[0,0,0],"43":[0,0],"44":[0,0,0,0,0,0,0],"45":[0,0],"46":[0,0],"47":[0,0],"48":[0,0],"49":[0,0],"50":[0,0,0],"51":[0,0],"52":[0,0,0],"53":[0,0],"54":[0,0],"55":[0,0],"56":[0,0],"57":[0,0],"58":[0,0],"59":[0,0,0],"60":[0],"61":[0,0],"62":[0,0],"63":[0,0],"64":[0],"65":[0,0],"66":[0,0],"67":[0,0],"68":[0,0],"69":[0,0],"70":[0,0],"71":[0,0],"72":[0,0],"73":[0,0],"74":[0,0],"75":[0,0],"76":[0,0],"77":[0,0],"78":[0,0],"79":[0,0],"80":[0,0],"81":[0,0],"82":[0,0,0],"83":[0,0]}}
,"/Users/xiongyuyan/Documents/Studyspace/Vue3/vue3-ts-jsonschema-form/lib/fields/ArrayField.tsx": {"path":"/Users/xiongyuyan/Documents/Studyspace/Vue3/vue3-ts-jsonschema-form/lib/fields/ArrayField.tsx","statementMap":{"0":{"start":{"line":2,"column":0},"end":{"line":2,"column":null}},"1":{"start":{"line":3,"column":0},"end":{"line":3,"column":null}},"2":{"start":{"line":4,"column":0},"end":{"line":4,"column":null}},"3":{"start":{"line":5,"column":0},"end":{"line":5,"column":null}},"4":{"start":{"line":7,"column":18},"end":{"line":7,"column":34}},"5":{"start":{"line":26,"column":25},"end":{"line":26,"column":41}},"6":{"start":{"line":51,"column":23},"end":{"line":51,"column":null}},"7":{"start":{"line":53,"column":22},"end":{"line":53,"column":33}},"8":{"start":{"line":53,"column":28},"end":{"line":53,"column":33}},"9":{"start":{"line":54,"column":25},"end":{"line":54,"column":36}},"10":{"start":{"line":54,"column":31},"end":{"line":54,"column":36}},"11":{"start":{"line":55,"column":21},"end":{"line":55,"column":32}},"12":{"start":{"line":55,"column":27},"end":{"line":55,"column":32}},"13":{"start":{"line":56,"column":23},"end":{"line":56,"column":34}},"14":{"start":{"line":56,"column":29},"end":{"line":56,"column":34}},"15":{"start":{"line":58,"column":4},"end":{"line":58,"column":11}},"16":{"start":{"line":59,"column":22},"end":{"line":59,"column":null}},"17":{"start":{"line":60,"column":6},"end":{"line":60,"column":null}},"18":{"start":{"line":90,"column":15},"end":{"line":90,"column":31}},"19":{"start":{"line":94,"column":31},"end":{"line":94,"column":41}},"20":{"start":{"line":95,"column":20},"end":{"line":95,"column":null}},"21":{"start":{"line":97,"column":34},"end":{"line":104,"column":null}},"22":{"start":{"line":98,"column":24},"end":{"line":98,"column":null}},"23":{"start":{"line":99,"column":18},"end":{"line":99,"column":null}},"24":{"start":{"line":101,"column":6},"end":{"line":101,"column":9}},"25":{"start":{"line":103,"column":6},"end":{"line":103,"column":11}},"26":{"start":{"line":106,"column":23},"end":{"line":113,"column":null}},"27":{"start":{"line":107,"column":24},"end":{"line":107,"column":null}},"28":{"start":{"line":108,"column":18},"end":{"line":108,"column":null}},"29":{"start":{"line":110,"column":6},"end":{"line":110,"column":9}},"30":{"start":{"line":112,"column":6},"end":{"line":112,"column":11}},"31":{"start":{"line":115,"column":26},"end":{"line":122,"column":null}},"32":{"start":{"line":116,"column":24},"end":{"line":116,"column":null}},"33":{"start":{"line":117,"column":18},"end":{"line":117,"column":null}},"34":{"start":{"line":119,"column":6},"end":{"line":119,"column":9}},"35":{"start":{"line":121,"column":6},"end":{"line":121,"column":11}},"36":{"start":{"line":123,"column":22},"end":{"line":132,"column":null}},"37":{"start":{"line":124,"column":6},"end":{"line":124,"column":null}},"38":{"start":{"line":124,"column":23},"end":{"line":124,"column":null}},"39":{"start":{"line":125,"column":24},"end":{"line":125,"column":null}},"40":{"start":{"line":126,"column":18},"end":{"line":126,"column":null}},"41":{"start":{"line":128,"column":19},"end":{"line":128,"column":22}},"42":{"start":{"line":129,"column":6},"end":{"line":129,"column":9}},"43":{"start":{"line":131,"column":6},"end":{"line":131,"column":11}},"44":{"start":{"line":133,"column":24},"end":{"line":142,"column":null}},"45":{"start":{"line":134,"column":24},"end":{"line":134,"column":null}},"46":{"start":{"line":135,"column":18},"end":{"line":135,"column":null}},"47":{"start":{"line":136,"column":6},"end":{"line":136,"column":null}},"48":{"start":{"line":136,"column":36},"end":{"line":136,"column":null}},"49":{"start":{"line":138,"column":19},"end":{"line":138,"column":22}},"50":{"start":{"line":139,"column":6},"end":{"line":139,"column":9}},"51":{"start":{"line":141,"column":6},"end":{"line":141,"column":11}},"52":{"start":{"line":143,"column":4},"end":{"line":143,"column":11}},"53":{"start":{"line":145,"column":27},"end":{"line":145,"column":null}},"54":{"start":{"line":146,"column":44},"end":{"line":146,"column":null}},"55":{"start":{"line":147,"column":29},"end":{"line":147,"column":null}},"56":{"start":{"line":149,"column":26},"end":{"line":149,"column":31}},"57":{"start":{"line":150,"column":23},"end":{"line":150,"column":null}},"58":{"start":{"line":152,"column":6},"end":{"line":177,"column":null}},"59":{"start":{"line":153,"column":32},"end":{"line":153,"column":null}},"60":{"start":{"line":154,"column":20},"end":{"line":154,"column":null}},"61":{"start":{"line":155,"column":8},"end":{"line":155,"column":15}},"62":{"start":{"line":155,"column":25},"end":{"line":155,"column":26}},"63":{"start":{"line":157,"column":110},"end":{"line":157,"column":132}},"64":{"start":{"line":160,"column":13},"end":{"line":177,"column":null}},"65":{"start":{"line":162,"column":20},"end":{"line":162,"column":null}},"66":{"start":{"line":164,"column":8},"end":{"line":164,"column":15}},"67":{"start":{"line":164,"column":23},"end":{"line":164,"column":24}},"68":{"start":{"line":166,"column":124},"end":{"line":166,"column":146}},"69":{"start":{"line":171,"column":29},"end":{"line":171,"column":null}},"70":{"start":{"line":172,"column":24},"end":{"line":172,"column":35}},"71":{"start":{"line":172,"column":53},"end":{"line":172,"column":null}},"72":{"start":{"line":176,"column":8},"end":{"line":176,"column":39}},"73":{"start":{"line":178,"column":6},"end":{"line":178,"column":null}}},"fnMap":{"0":{"name":"(anonymous_0)","decl":{"start":{"line":50,"column":2},"end":{"line":50,"column":7}},"loc":{"start":{"line":50,"column":24},"end":{"line":72,"column":null}}},"1":{"name":"(anonymous_1)","decl":{"start":{"line":53,"column":22},"end":{"line":53,"column":28}},"loc":{"start":{"line":53,"column":28},"end":{"line":53,"column":33}}},"2":{"name":"(anonymous_2)","decl":{"start":{"line":54,"column":25},"end":{"line":54,"column":31}},"loc":{"start":{"line":54,"column":31},"end":{"line":54,"column":36}}},"3":{"name":"(anonymous_3)","decl":{"start":{"line":55,"column":21},"end":{"line":55,"column":27}},"loc":{"start":{"line":55,"column":27},"end":{"line":55,"column":32}}},"4":{"name":"(anonymous_4)","decl":{"start":{"line":56,"column":23},"end":{"line":56,"column":29}},"loc":{"start":{"line":56,"column":29},"end":{"line":56,"column":34}}},"5":{"name":"(anonymous_5)","decl":{"start":{"line":58,"column":11},"end":{"line":58,"column":16}},"loc":{"start":{"line":58,"column":16},"end":{"line":71,"column":null}}},"6":{"name":"(anonymous_6)","decl":{"start":{"line":93,"column":2},"end":{"line":93,"column":7}},"loc":{"start":{"line":93,"column":13},"end":{"line":180,"column":null}}},"7":{"name":"(anonymous_7)","decl":{"start":{"line":97,"column":34},"end":{"line":97,"column":35}},"loc":{"start":{"line":97,"column":60},"end":{"line":104,"column":null}}},"8":{"name":"(anonymous_8)","decl":{"start":{"line":106,"column":23},"end":{"line":106,"column":40}},"loc":{"start":{"line":106,"column":40},"end":{"line":113,"column":null}}},"9":{"name":"(anonymous_9)","decl":{"start":{"line":115,"column":26},"end":{"line":115,"column":43}},"loc":{"start":{"line":115,"column":43},"end":{"line":122,"column":null}}},"10":{"name":"(anonymous_10)","decl":{"start":{"line":123,"column":22},"end":{"line":123,"column":39}},"loc":{"start":{"line":123,"column":39},"end":{"line":132,"column":null}}},"11":{"name":"(anonymous_11)","decl":{"start":{"line":133,"column":24},"end":{"line":133,"column":41}},"loc":{"start":{"line":133,"column":41},"end":{"line":142,"column":null}}},"12":{"name":"(anonymous_12)","decl":{"start":{"line":143,"column":11},"end":{"line":143,"column":16}},"loc":{"start":{"line":143,"column":16},"end":{"line":179,"column":null}}},"13":{"name":"(anonymous_13)","decl":{"start":{"line":155,"column":25},"end":{"line":155,"column":26}},"loc":{"start":{"line":155,"column":25},"end":{"line":155,"column":26}}},"14":{"name":"(anonymous_14)","decl":{"start":{"line":157,"column":99},"end":{"line":157,"column":110}},"loc":{"start":{"line":157,"column":110},"end":{"line":157,"column":132}}},"15":{"name":"(anonymous_15)","decl":{"start":{"line":164,"column":23},"end":{"line":164,"column":24}},"loc":{"start":{"line":164,"column":23},"end":{"line":164,"column":24}}},"16":{"name":"(anonymous_17)","decl":{"start":{"line":166,"column":113},"end":{"line":166,"column":124}},"loc":{"start":{"line":166,"column":124},"end":{"line":166,"column":146}}},"17":{"name":"(anonymous_18)","decl":{"start":{"line":172,"column":41},"end":{"line":172,"column":53}},"loc":{"start":{"line":172,"column":53},"end":{"line":172,"column":null}}}},"branchMap":{"0":{"loc":{"start":{"line":68,"column":40},"end":{"line":68,"column":57}},"type":"binary-expr","locations":[{"start":{"line":68,"column":40},"end":{"line":68,"column":57}},{"start":{"line":68,"column":57},"end":{"line":68,"column":62}}]},"1":{"loc":{"start":{"line":99,"column":41},"end":{"line":99,"column":49}},"type":"cond-expr","locations":[{"start":{"line":99,"column":41},"end":{"line":99,"column":49}},{"start":{"line":99,"column":49},"end":{"line":99,"column":null}}]},"2":{"loc":{"start":{"line":108,"column":41},"end":{"line":108,"column":49}},"type":"cond-expr","locations":[{"start":{"line":108,"column":41},"end":{"line":108,"column":49}},{"start":{"line":108,"column":49},"end":{"line":108,"column":null}}]},"3":{"loc":{"start":{"line":117,"column":41},"end":{"line":117,"column":49}},"type":"cond-expr","locations":[{"start":{"line":117,"column":41},"end":{"line":117,"column":49}},{"start":{"line":117,"column":49},"end":{"line":117,"column":null}}]},"4":{"loc":{"start":{"line":124,"column":6},"end":{"line":124,"column":null}},"type":"if","locations":[{"start":{"line":124,"column":6},"end":{"line":124,"column":null}},{"start":{"line":124,"column":6},"end":{"line":124,"column":null}}]},"5":{"loc":{"start":{"line":126,"column":41},"end":{"line":126,"column":49}},"type":"cond-expr","locations":[{"start":{"line":126,"column":41},"end":{"line":126,"column":49}},{"start":{"line":126,"column":49},"end":{"line":126,"column":null}}]},"6":{"loc":{"start":{"line":135,"column":41},"end":{"line":135,"column":49}},"type":"cond-expr","locations":[{"start":{"line":135,"column":41},"end":{"line":135,"column":49}},{"start":{"line":135,"column":49},"end":{"line":135,"column":null}}]},"7":{"loc":{"start":{"line":136,"column":6},"end":{"line":136,"column":null}},"type":"if","locations":[{"start":{"line":136,"column":6},"end":{"line":136,"column":null}},{"start":{"line":136,"column":6},"end":{"line":136,"column":null}}]},"8":{"loc":{"start":{"line":150,"column":23},"end":{"line":150,"column":40}},"type":"binary-expr","locations":[{"start":{"line":150,"column":23},"end":{"line":150,"column":40}},{"start":{"line":150,"column":40},"end":{"line":150,"column":null}}]},"9":{"loc":{"start":{"line":152,"column":6},"end":{"line":177,"column":null}},"type":"if","locations":[{"start":{"line":152,"column":6},"end":{"line":177,"column":null}},{"start":{"line":152,"column":6},"end":{"line":177,"column":null}}]},"10":{"loc":{"start":{"line":154,"column":43},"end":{"line":154,"column":51}},"type":"cond-expr","locations":[{"start":{"line":154,"column":43},"end":{"line":154,"column":51}},{"start":{"line":154,"column":51},"end":{"line":154,"column":null}}]},"11":{"loc":{"start":{"line":160,"column":13},"end":{"line":177,"column":null}},"type":"if","locations":[{"start":{"line":160,"column":13},"end":{"line":177,"column":null}},{"start":{"line":160,"column":13},"end":{"line":177,"column":null}}]},"12":{"loc":{"start":{"line":162,"column":43},"end":{"line":162,"column":51}},"type":"cond-expr","locations":[{"start":{"line":162,"column":43},"end":{"line":162,"column":51}},{"start":{"line":162,"column":51},"end":{"line":162,"column":null}}]}},"s":{"0":3,"1":3,"2":3,"3":3,"4":3,"5":3,"6":2,"7":2,"8":0,"9":2,"10":0,"11":2,"12":0,"13":2,"14":0,"15":2,"16":2,"17":2,"18":3,"19":3,"20":3,"21":3,"22":0,"23":0,"24":0,"25":0,"26":3,"27":0,"28":0,"29":0,"30":0,"31":3,"32":0,"33":0,"34":0,"35":0,"36":3,"37":0,"38":0,"39":0,"40":0,"41":0,"42":0,"43":0,"44":3,"45":0,"46":0,"47":0,"48":0,"49":0,"50":0,"51":0,"52":3,"53":3,"54":3,"55":3,"56":3,"57":3,"58":3,"59":1,"60":1,"61":1,"62":2,"63":0,"64":2,"65":1,"66":1,"67":4,"68":0,"69":1,"70":1,"71":3,"72":1,"73":0},"f":{"0":2,"1":0,"2":0,"3":0,"4":0,"5":2,"6":3,"7":0,"8":0,"9":0,"10":0,"11":0,"12":3,"13":2,"14":0,"15":4,"16":0,"17":3},"b":{"0":[2,2],"1":[0,0],"2":[0,0],"3":[0,0],"4":[0,0],"5":[0,0],"6":[0,0],"7":[0,0],"8":[3,3],"9":[1,2],"10":[1,0],"11":[1,1],"12":[1,0]}}
,"/Users/xiongyuyan/Documents/Studyspace/Vue3/vue3-ts-jsonschema-form/lib/fields/ObjectField.tsx": {"path":"/Users/xiongyuyan/Documents/Studyspace/Vue3/vue3-ts-jsonschema-form/lib/fields/ObjectField.tsx","statementMap":{"0":{"start":{"line":1,"column":0},"end":{"line":1,"column":null}},"1":{"start":{"line":3,"column":0},"end":{"line":3,"column":null}},"2":{"start":{"line":4,"column":0},"end":{"line":4,"column":null}},"3":{"start":{"line":9,"column":15},"end":{"line":9,"column":null}},"4":{"start":{"line":21,"column":15},"end":{"line":21,"column":31}},"5":{"start":{"line":27,"column":20},"end":{"line":27,"column":null}},"6":{"start":{"line":29,"column":36},"end":{"line":39,"column":null}},"7":{"start":{"line":30,"column":25},"end":{"line":30,"column":null}},"8":{"start":{"line":32,"column":6},"end":{"line":36,"column":null}},"9":{"start":{"line":33,"column":8},"end":{"line":33,"column":15}},"10":{"start":{"line":35,"column":8},"end":{"line":35,"column":13}},"11":{"start":{"line":38,"column":6},"end":{"line":38,"column":11}},"12":{"start":{"line":40,"column":4},"end":{"line":40,"column":11}},"13":{"start":{"line":41,"column":44},"end":{"line":41,"column":null}},"14":{"start":{"line":43,"column":29},"end":{"line":43,"column":null}},"15":{"start":{"line":45,"column":25},"end":{"line":45,"column":null}},"16":{"start":{"line":46,"column":32},"end":{"line":46,"column":null}},"17":{"start":{"line":47,"column":6},"end":{"line":47,"column":13}},"18":{"start":{"line":47,"column":41},"end":{"line":47,"column":42}},"19":{"start":{"line":48,"column":125},"end":{"line":48,"column":149}}},"fnMap":{"0":{"name":"(anonymous_0)","decl":{"start":{"line":24,"column":2},"end":{"line":24,"column":7}},"loc":{"start":{"line":24,"column":13},"end":{"line":51,"column":null}}},"1":{"name":"(anonymous_1)","decl":{"start":{"line":29,"column":36},"end":{"line":29,"column":37}},"loc":{"start":{"line":29,"column":58},"end":{"line":39,"column":null}}},"2":{"name":"(anonymous_2)","decl":{"start":{"line":40,"column":11},"end":{"line":40,"column":16}},"loc":{"start":{"line":40,"column":16},"end":{"line":50,"column":null}}},"3":{"name":"(anonymous_3)","decl":{"start":{"line":47,"column":41},"end":{"line":47,"column":42}},"loc":{"start":{"line":47,"column":41},"end":{"line":47,"column":42}}},"4":{"name":"(anonymous_4)","decl":{"start":{"line":48,"column":114},"end":{"line":48,"column":125}},"loc":{"start":{"line":48,"column":125},"end":{"line":48,"column":149}}}},"branchMap":{"0":{"loc":{"start":{"line":30,"column":49},"end":{"line":30,"column":63}},"type":"cond-expr","locations":[{"start":{"line":30,"column":49},"end":{"line":30,"column":63}},{"start":{"line":30,"column":63},"end":{"line":30,"column":null}}]},"1":{"loc":{"start":{"line":32,"column":6},"end":{"line":36,"column":null}},"type":"if","locations":[{"start":{"line":32,"column":6},"end":{"line":36,"column":null}},{"start":{"line":32,"column":6},"end":{"line":36,"column":null}}]},"2":{"loc":{"start":{"line":45,"column":25},"end":{"line":45,"column":46}},"type":"binary-expr","locations":[{"start":{"line":45,"column":25},"end":{"line":45,"column":46}},{"start":{"line":45,"column":46},"end":{"line":45,"column":null}}]},"3":{"loc":{"start":{"line":46,"column":50},"end":{"line":46,"column":58}},"type":"cond-expr","locations":[{"start":{"line":46,"column":50},"end":{"line":46,"column":58}},{"start":{"line":46,"column":58},"end":{"line":46,"column":null}}]}},"s":{"0":3,"1":3,"2":3,"3":3,"4":3,"5":5,"6":5,"7":4,"8":4,"9":2,"10":2,"11":4,"12":5,"13":8,"14":8,"15":8,"16":8,"17":8,"18":14,"19":4},"f":{"0":5,"1":4,"2":8,"3":14,"4":4},"b":{"0":[3,1],"1":[2,2],"2":[8,1],"3":[6,2]}}
,"/Users/xiongyuyan/Documents/Studyspace/Vue3/vue3-ts-jsonschema-form/lib/theme-default/Selection.tsx": {"path":"/Users/xiongyuyan/Documents/Studyspace/Vue3/vue3-ts-jsonschema-form/lib/theme-default/Selection.tsx","statementMap":{"0":{"start":{"line":2,"column":0},"end":{"line":2,"column":null}},"1":{"start":{"line":3,"column":43},"end":{"line":3,"column":59}},"2":{"start":{"line":7,"column":28},"end":{"line":7,"column":32}},"3":{"start":{"line":9,"column":4},"end":{"line":9,"column":10}},"4":{"start":{"line":10,"column":6},"end":{"line":12,"column":null}},"5":{"start":{"line":11,"column":8},"end":{"line":11,"column":13}},"6":{"start":{"line":15,"column":4},"end":{"line":15,"column":10}},"7":{"start":{"line":15,"column":16},"end":{"line":15,"column":29}},"8":{"start":{"line":16,"column":6},"end":{"line":18,"column":null}},"9":{"start":{"line":17,"column":8},"end":{"line":17,"column":23}},"10":{"start":{"line":21,"column":4},"end":{"line":21,"column":16}},"11":{"start":{"line":22,"column":6},"end":{"line":22,"column":13}},"12":{"start":{"line":25,"column":4},"end":{"line":25,"column":11}},"13":{"start":{"line":26,"column":26},"end":{"line":26,"column":null}},"14":{"start":{"line":27,"column":6},"end":{"line":27,"column":null}},"15":{"start":{"line":28,"column":41},"end":{"line":27,"column":null}},"16":{"start":{"line":30,"column":24},"end":{"line":30,"column":25}},"17":{"start":{"line":38,"column":15},"end":{"line":38,"column":null}}},"fnMap":{"0":{"name":"(anonymous_0)","decl":{"start":{"line":6,"column":2},"end":{"line":6,"column":7}},"loc":{"start":{"line":6,"column":13},"end":{"line":35,"column":null}}},"1":{"name":"(anonymous_1)","decl":{"start":{"line":9,"column":28},"end":{"line":9,"column":33}},"loc":{"start":{"line":9,"column":33},"end":{"line":13,"column":null}}},"2":{"name":"(anonymous_2)","decl":{"start":{"line":15,"column":10},"end":{"line":15,"column":16}},"loc":{"start":{"line":15,"column":16},"end":{"line":15,"column":29}}},"3":{"name":"(anonymous_3)","decl":{"start":{"line":15,"column":30},"end":{"line":15,"column":35}},"loc":{"start":{"line":15,"column":35},"end":{"line":19,"column":null}}},"4":{"name":"(anonymous_4)","decl":{"start":{"line":21,"column":16},"end":{"line":21,"column":21}},"loc":{"start":{"line":21,"column":21},"end":{"line":23,"column":null}}},"5":{"name":"(anonymous_5)","decl":{"start":{"line":25,"column":11},"end":{"line":25,"column":16}},"loc":{"start":{"line":25,"column":16},"end":{"line":34,"column":null}}},"6":{"name":"(anonymous_6)","decl":{"start":{"line":27,"column":6},"end":{"line":27,"column":null}},"loc":{"start":{"line":28,"column":41},"end":{"line":27,"column":null}}},"7":{"name":"(anonymous_7)","decl":{"start":{"line":30,"column":24},"end":{"line":30,"column":25}},"loc":{"start":{"line":30,"column":24},"end":{"line":30,"column":25}}}},"branchMap":{"0":{"loc":{"start":{"line":10,"column":6},"end":{"line":12,"column":null}},"type":"if","locations":[{"start":{"line":10,"column":6},"end":{"line":12,"column":null}},{"start":{"line":10,"column":6},"end":{"line":12,"column":null}}]},"1":{"loc":{"start":{"line":16,"column":6},"end":{"line":18,"column":null}},"type":"if","locations":[{"start":{"line":16,"column":6},"end":{"line":18,"column":null}},{"start":{"line":16,"column":6},"end":{"line":18,"column":null}}]}},"s":{"0":1,"1":1,"2":1,"3":1,"4":0,"5":0,"6":1,"7":1,"8":0,"9":0,"10":1,"11":1,"12":1,"13":1,"14":1,"15":0,"16":3,"17":1},"f":{"0":1,"1":0,"2":1,"3":0,"4":1,"5":1,"6":0,"7":3},"b":{"0":[0,0],"1":[0,0]}}
,"/Users/xiongyuyan/Documents/Studyspace/Vue3/vue3-ts-jsonschema-form/lib/theme-default/index.tsx": {"path":"/Users/xiongyuyan/Documents/Studyspace/Vue3/vue3-ts-jsonschema-form/lib/theme-default/index.tsx","statementMap":{"0":{"start":{"line":1,"column":0},"end":{"line":1,"column":null}},"1":{"start":{"line":2,"column":0},"end":{"line":2,"column":null}},"2":{"start":{"line":3,"column":0},"end":{"line":3,"column":null}},"3":{"start":{"line":5,"column":41},"end":{"line":5,"column":57}},"4":{"start":{"line":8,"column":4},"end":{"line":8,"column":11}},"5":{"start":{"line":8,"column":17},"end":{"line":8,"column":null}},"6":{"start":{"line":12,"column":15},"end":{"line":12,"column":null}}},"fnMap":{"0":{"name":"(anonymous_0)","decl":{"start":{"line":7,"column":2},"end":{"line":7,"column":7}},"loc":{"start":{"line":7,"column":7},"end":{"line":9,"column":null}}},"1":{"name":"(anonymous_1)","decl":{"start":{"line":8,"column":11},"end":{"line":8,"column":17}},"loc":{"start":{"line":8,"column":17},"end":{"line":8,"column":null}}}},"branchMap":{},"s":{"0":1,"1":1,"2":1,"3":1,"4":0,"5":0,"6":1},"f":{"0":0,"1":0},"b":{}}
,"/Users/xiongyuyan/Documents/Studyspace/Vue3/vue3-ts-jsonschema-form/lib/widgets/Selection.tsx": {"path":"/Users/xiongyuyan/Documents/Studyspace/Vue3/vue3-ts-jsonschema-form/lib/widgets/Selection.tsx","statementMap":{"0":{"start":{"line":3,"column":15},"end":{"line":3,"column":31}},"1":{"start":{"line":20,"column":28},"end":{"line":20,"column":32}},"2":{"start":{"line":22,"column":4},"end":{"line":22,"column":10}},"3":{"start":{"line":23,"column":6},"end":{"line":25,"column":null}},"4":{"start":{"line":24,"column":8},"end":{"line":24,"column":13}},"5":{"start":{"line":28,"column":4},"end":{"line":28,"column":10}},"6":{"start":{"line":28,"column":16},"end":{"line":28,"column":29}},"7":{"start":{"line":29,"column":6},"end":{"line":31,"column":null}},"8":{"start":{"line":30,"column":8},"end":{"line":30,"column":23}},"9":{"start":{"line":34,"column":4},"end":{"line":34,"column":16}},"10":{"start":{"line":35,"column":6},"end":{"line":35,"column":13}},"11":{"start":{"line":38,"column":4},"end":{"line":38,"column":11}},"12":{"start":{"line":39,"column":26},"end":{"line":39,"column":null}},"13":{"start":{"line":40,"column":6},"end":{"line":40,"column":null}},"14":{"start":{"line":41,"column":41},"end":{"line":40,"column":null}},"15":{"start":{"line":43,"column":24},"end":{"line":43,"column":25}}},"fnMap":{"0":{"name":"(anonymous_0)","decl":{"start":{"line":19,"column":2},"end":{"line":19,"column":7}},"loc":{"start":{"line":19,"column":13},"end":{"line":48,"column":null}}},"1":{"name":"(anonymous_1)","decl":{"start":{"line":22,"column":28},"end":{"line":22,"column":33}},"loc":{"start":{"line":22,"column":33},"end":{"line":26,"column":null}}},"2":{"name":"(anonymous_2)","decl":{"start":{"line":28,"column":10},"end":{"line":28,"column":16}},"loc":{"start":{"line":28,"column":16},"end":{"line":28,"column":29}}},"3":{"name":"(anonymous_3)","decl":{"start":{"line":28,"column":30},"end":{"line":28,"column":35}},"loc":{"start":{"line":28,"column":35},"end":{"line":32,"column":null}}},"4":{"name":"(anonymous_4)","decl":{"start":{"line":34,"column":16},"end":{"line":34,"column":21}},"loc":{"start":{"line":34,"column":21},"end":{"line":36,"column":null}}},"5":{"name":"(anonymous_5)","decl":{"start":{"line":38,"column":11},"end":{"line":38,"column":16}},"loc":{"start":{"line":38,"column":16},"end":{"line":47,"column":null}}},"6":{"name":"(anonymous_6)","decl":{"start":{"line":40,"column":6},"end":{"line":40,"column":null}},"loc":{"start":{"line":41,"column":41},"end":{"line":40,"column":null}}},"7":{"name":"(anonymous_7)","decl":{"start":{"line":43,"column":24},"end":{"line":43,"column":25}},"loc":{"start":{"line":43,"column":24},"end":{"line":43,"column":25}}}},"branchMap":{"0":{"loc":{"start":{"line":23,"column":6},"end":{"line":25,"column":null}},"type":"if","locations":[{"start":{"line":23,"column":6},"end":{"line":25,"column":null}},{"start":{"line":23,"column":6},"end":{"line":25,"column":null}}]},"1":{"loc":{"start":{"line":29,"column":6},"end":{"line":31,"column":null}},"type":"if","locations":[{"start":{"line":29,"column":6},"end":{"line":31,"column":null}},{"start":{"line":29,"column":6},"end":{"line":31,"column":null}}]}},"s":{"0":3,"1":0,"2":0,"3":0,"4":0,"5":0,"6":0,"7":0,"8":0,"9":0,"10":0,"11":0,"12":0,"13":0,"14":0,"15":0},"f":{"0":0,"1":0,"2":0,"3":0,"4":0,"5":0,"6":0,"7":0},"b":{"0":[0,0],"1":[0,0]}}
,"/Users/xiongyuyan/Documents/Studyspace/Vue3/vue3-ts-jsonschema-form/src/components/HelloWorld.vue": {"path":"/Users/xiongyuyan/Documents/Studyspace/Vue3/vue3-ts-jsonschema-form/src/components/HelloWorld.vue","statementMap":{"0":{"start":{"line":2,"column":0},"end":{"line":2,"column":null}},"1":{"start":{"line":4,"column":0},"end":{"line":4,"column":null}},"2":{"start":{"line":15,"column":0},"end":{"line":15,"column":null}}},"fnMap":{"0":{"name":"(anonymous_0)","decl":{"start":{"line":14,"column":0},"end":{"line":14,"column":null}},"loc":{"start":{"line":14,"column":0},"end":{"line":16,"column":null}}}},"branchMap":{},"s":{"0":1,"1":1,"2":1},"f":{"0":1},"b":{}}
,"/Users/xiongyuyan/Documents/Studyspace/Vue3/vue3-ts-jsonschema-form/tests/unit/utils/TestComponent.tsx": {"path":"/Users/xiongyuyan/Documents/Studyspace/Vue3/vue3-ts-jsonschema-form/tests/unit/utils/TestComponent.tsx","statementMap":{"0":{"start":{"line":2,"column":0},"end":{"line":2,"column":null}},"1":{"start":{"line":3,"column":0},"end":{"line":3,"column":null}},"2":{"start":{"line":5,"column":37},"end":{"line":5,"column":53}},"3":{"start":{"line":7,"column":4},"end":{"line":7,"column":11}},"4":{"start":{"line":7,"column":11},"end":{"line":7,"column":null}},"5":{"start":{"line":15,"column":15},"end":{"line":15,"column":31}},"6":{"start":{"line":35,"column":4},"end":{"line":35,"column":11}},"7":{"start":{"line":35,"column":11},"end":{"line":35,"column":null}}},"fnMap":{"0":{"name":"(anonymous_0)","decl":{"start":{"line":6,"column":2},"end":{"line":6,"column":7}},"loc":{"start":{"line":6,"column":18},"end":{"line":12,"column":null}}},"1":{"name":"(anonymous_1)","decl":{"start":{"line":7,"column":11},"end":{"line":7,"column":null}},"loc":{"start":{"line":7,"column":11},"end":{"line":7,"column":null}}},"2":{"name":"(anonymous_3)","decl":{"start":{"line":34,"column":2},"end":{"line":34,"column":7}},"loc":{"start":{"line":34,"column":13},"end":{"line":40,"column":null}}},"3":{"name":"(anonymous_4)","decl":{"start":{"line":35,"column":11},"end":{"line":35,"column":null}},"loc":{"start":{"line":35,"column":11},"end":{"line":35,"column":null}}}},"branchMap":{"0":{"loc":{"start":{"line":9,"column":9},"end":{"line":9,"column":26}},"type":"binary-expr","locations":[{"start":{"line":9,"column":9},"end":{"line":9,"column":26}},{"start":{"line":9,"column":26},"end":{"line":9,"column":31}}]}},"s":{"0":1,"1":1,"2":1,"3":3,"4":6,"5":1,"6":3,"7":6},"f":{"0":3,"1":6,"2":3,"3":6},"b":{"0":[3,3]}}
}
