TN:
SF:/Users/xiongyuyan/Documents/Studyspace/Vue3/vue3-ts-jsonschema-form/lib/SchemaForm.tsx
FN:26,(anonymous_0)
FN:27,(anonymous_1)
FN:39,(anonymous_2)
FNF:3
FNH:3
FNDA:9,(anonymous_0)
FNDA:5,(anonymous_1)
FNDA:9,(anonymous_2)
DA:4,3
DA:5,3
DA:7,3
DA:27,9
DA:29,5
DA:32,9
DA:37,9
DA:39,9
DA:40,9
DA:41,9
LF:10
LH:10
BRF:0
BRH:0
end_of_record
TN:
SF:/Users/xiongyuyan/Documents/Studyspace/Vue3/vue3-ts-jsonschema-form/lib/SchemaItem.tsx
FN:15,(anonymous_0)
FN:16,(anonymous_1)
FN:21,(anonymous_2)
FNF:3
FNH:3
FNDA:21,(anonymous_0)
FNDA:24,(anonymous_1)
FNDA:27,(anonymous_2)
DA:2,3
DA:4,3
DA:6,3
DA:7,3
DA:8,3
DA:10,3
DA:12,3
DA:16,21
DA:17,24
DA:19,24
DA:21,21
DA:22,27
DA:24,27
DA:27,27
DA:30,27
DA:32,10
DA:33,10
DA:36,9
DA:37,9
DA:40,5
DA:41,5
DA:44,3
DA:45,3
DA:48,0
DA:52,27
LF:25
LH:24
BRDA:31,0,0,10
BRDA:31,0,1,9
BRDA:31,0,2,5
BRDA:31,0,3,3
BRDA:31,0,4,0
BRF:5
BRH:4
end_of_record
TN:
SF:/Users/xiongyuyan/Documents/Studyspace/Vue3/vue3-ts-jsonschema-form/lib/context.ts
FN:12,useVJSFContent
FNF:1
FNH:1
FNDA:8,useVJSFContent
DA:1,3
DA:4,3
DA:13,8
DA:16,8
DA:17,0
DA:19,8
LF:6
LH:5
BRDA:16,0,0,0
BRDA:16,0,1,8
BRF:2
BRH:1
end_of_record
TN:
SF:/Users/xiongyuyan/Documents/Studyspace/Vue3/vue3-ts-jsonschema-form/lib/index.ts
FN:10,(anonymous_6)
FNF:1
FNH:1
FNDA:18,(anonymous_6)
DA:1,3
DA:2,3
DA:3,3
DA:4,3
DA:5,3
DA:6,3
DA:7,3
DA:9,3
DA:10,78
LF:9
LH:9
BRDA:10,0,0,36
BRDA:10,0,1,72
BRF:2
BRH:2
end_of_record
TN:
SF:/Users/xiongyuyan/Documents/Studyspace/Vue3/vue3-ts-jsonschema-form/lib/theme.tsx
FN:13,(anonymous_0)
FN:15,(anonymous_1)
FN:19,(anonymous_2)
FN:23,getWidget
FN:30,(anonymous_4)
FNF:5
FNH:5
FNDA:3,(anonymous_0)
FNDA:3,(anonymous_1)
FNDA:3,(anonymous_2)
FNDA:3,getWidget
FNDA:3,(anonymous_4)
DA:1,3
DA:4,3
DA:5,3
DA:15,3
DA:17,3
DA:19,3
DA:24,3
DA:26,3
DA:27,0
DA:30,3
DA:31,3
DA:34,3
DA:37,3
LF:13
LH:12
BRDA:19,0,0,3
BRDA:19,0,1,3
BRDA:26,1,0,0
BRDA:26,1,1,3
BRF:4
BRH:3
end_of_record
TN:
SF:/Users/xiongyuyan/Documents/Studyspace/Vue3/vue3-ts-jsonschema-form/lib/types.ts
FN:3,(anonymous_0)
FN:103,(anonymous_1)
FN:107,(anonymous_2)
FNF:3
FNH:3
FNDA:3,(anonymous_0)
FNDA:3,(anonymous_1)
FNDA:3,(anonymous_2)
DA:3,3
DA:4,3
DA:5,3
DA:6,3
DA:7,3
DA:8,3
DA:9,3
DA:51,3
DA:70,3
DA:78,3
DA:103,3
DA:104,3
DA:107,3
DA:108,3
DA:109,3
LF:15
LH:15
BRDA:3,0,0,3
BRDA:3,0,1,3
BRDA:103,1,0,3
BRDA:103,1,1,3
BRDA:107,2,0,3
BRDA:107,2,1,3
BRF:6
BRH:6
end_of_record
TN:
SF:/Users/xiongyuyan/Documents/Studyspace/Vue3/vue3-ts-jsonschema-form/lib/utils.ts
FN:9,isObject
FN:13,isEmptyObject
FN:17,hasOwnProperty
FN:30,validateData
FN:40,resolveSchema
FN:49,(anonymous_5)
FN:59,retrieveSchema
FN:99,stubExistingAdditionalProperties
FN:110,(anonymous_8)
FN:151,resolveReference
FN:160,findSchemaDefinition
FN:179,resolveDependencies
FN:199,processDependencies
FN:243,withDependentProperties
FN:253,withDependentSchema
FN:274,(anonymous_15)
FN:288,withExactlyOneSubschema
FN:295,(anonymous_17)
FN:337,mergeSchemas
FN:339,(anonymous_19)
FN:371,getSchemaType
FN:388,(anonymous_21)
FN:420,guessType
FN:438,isConstant
FN:445,isSelect
FN:451,(anonymous_25)
FN:456,isMultiSelect
FN:464,getMatchingOption
FN:483,(anonymous_28)
FN:523,mergeDefaultsWithFormData
FN:528,(anonymous_30)
FN:536,(anonymous_31)
FN:548,getDefaultFormState
FNF:33
FNH:4
FNDA:36,isObject
FNDA:0,isEmptyObject
FNDA:72,hasOwnProperty
FNDA:0,validateData
FNDA:24,resolveSchema
FNDA:0,(anonymous_5)
FNDA:24,retrieveSchema
FNDA:0,stubExistingAdditionalProperties
FNDA:0,(anonymous_8)
FNDA:0,resolveReference
FNDA:0,findSchemaDefinition
FNDA:0,resolveDependencies
FNDA:0,processDependencies
FNDA:0,withDependentProperties
FNDA:0,withDependentSchema
FNDA:0,(anonymous_15)
FNDA:0,withExactlyOneSubschema
FNDA:0,(anonymous_17)
FNDA:0,mergeSchemas
FNDA:0,(anonymous_19)
FNDA:0,getSchemaType
FNDA:0,(anonymous_21)
FNDA:0,guessType
FNDA:0,isConstant
FNDA:0,isSelect
FNDA:0,(anonymous_25)
FNDA:0,isMultiSelect
FNDA:0,getMatchingOption
FNDA:0,(anonymous_28)
FNDA:0,mergeDefaultsWithFormData
FNDA:0,(anonymous_30)
FNDA:0,(anonymous_31)
FNDA:0,getDefaultFormState
DA:1,3
DA:5,3
DA:6,3
DA:7,3
DA:10,36
DA:14,0
DA:22,72
DA:29,3
DA:31,0
DA:32,0
DA:41,24
DA:42,0
DA:43,24
DA:44,0
DA:45,0
DA:46,24
DA:47,0
DA:50,0
DA:55,24
DA:64,24
DA:65,0
DA:67,24
DA:70,24
DA:71,0
DA:72,0
DA:78,0
DA:79,0
DA:80,0
DA:84,24
DA:86,24
DA:88,0
DA:94,24
DA:97,3
DA:105,0
DA:110,0
DA:111,0
DA:113,0
DA:117,0
DA:118,0
DA:123,0
DA:124,0
DA:126,0
DA:130,0
DA:132,0
DA:135,0
DA:153,0
DA:155,0
DA:157,0
DA:161,0
DA:162,0
DA:164,0
DA:166,0
DA:168,0
DA:169,0
DA:170,0
DA:172,0
DA:174,0
DA:176,0
DA:185,0
DA:186,0
DA:187,0
DA:191,0
DA:192,0
DA:197,0
DA:206,0
DA:208,0
DA:209,0
DA:212,0
DA:216,0
DA:221,0
DA:222,0
DA:223,0
DA:224,0
DA:225,0
DA:233,0
DA:240,0
DA:244,0
DA:245,0
DA:247,0
DA:250,0
DA:261,0
DA:266,0
DA:268,0
DA:269,0
DA:270,0
DA:271,0
DA:274,0
DA:275,0
DA:279,0
DA:295,0
DA:296,0
DA:297,0
DA:299,0
DA:300,0
DA:301,0
DA:308,0
DA:309,0
DA:312,0
DA:313,0
DA:316,0
DA:319,0
DA:323,0
DA:324,0
DA:325,0
DA:338,0
DA:339,0
DA:340,0
DA:341,0
DA:342,0
DA:343,0
DA:344,0
DA:354,0
DA:356,0
DA:358,0
DA:372,0
DA:374,0
DA:375,0
DA:378,0
DA:379,0
DA:382,0
DA:383,0
DA:386,0
DA:387,0
DA:388,0
DA:391,0
DA:420,3
DA:421,0
DA:422,0
DA:423,0
DA:424,0
DA:425,0
DA:426,0
DA:427,0
DA:428,0
DA:429,0
DA:430,0
DA:431,0
DA:432,0
DA:435,0
DA:439,0
DA:446,0
DA:447,0
DA:448,0
DA:449,0
DA:450,0
DA:451,0
DA:453,0
DA:457,0
DA:458,0
DA:460,0
DA:469,0
DA:470,0
DA:479,0
DA:482,0
DA:483,0
DA:491,0
DA:493,0
DA:495,0
DA:496,0
DA:499,0
DA:502,0
DA:504,0
DA:506,0
DA:511,0
DA:513,0
DA:514,0
DA:516,0
DA:517,0
DA:520,0
DA:524,0
DA:525,0
DA:526,0
DA:528,0
DA:529,0
DA:530,0
DA:532,0
DA:534,0
DA:535,0
DA:536,0
DA:537,0
DA:541,0
DA:544,0
DA:554,0
DA:555,0
DA:558,0
DA:567,0
DA:569,0
DA:571,0
DA:572,0
DA:574,0
DA:575,0
DA:577,0
LF:192
LH:19
BRDA:10,0,0,36
BRDA:10,0,1,33
BRDA:10,0,2,33
BRDA:14,1,0,0
BRDA:14,1,1,0
BRDA:40,2,0,0
BRDA:40,3,0,0
BRDA:41,4,0,0
BRDA:41,4,1,24
BRDA:43,5,0,0
BRDA:43,5,1,24
BRDA:46,6,0,0
BRDA:46,6,1,24
BRDA:46,7,0,24
BRDA:46,7,1,0
BRDA:61,8,0,0
BRDA:62,9,0,12
BRDA:64,10,0,0
BRDA:64,10,1,24
BRDA:70,11,0,0
BRDA:70,11,1,24
BRDA:84,12,0,24
BRDA:84,12,1,0
BRDA:86,13,0,0
BRDA:86,13,1,24
BRDA:101,14,0,0
BRDA:102,15,0,0
BRDA:111,16,0,0
BRDA:111,16,1,0
BRDA:117,17,0,0
BRDA:117,17,1,0
BRDA:123,18,0,0
BRDA:123,18,1,0
BRDA:160,19,0,0
BRDA:162,20,0,0
BRDA:162,20,1,0
BRDA:169,21,0,0
BRDA:169,21,1,0
BRDA:172,22,0,0
BRDA:172,22,1,0
BRDA:185,23,0,0
BRDA:186,24,0,0
BRDA:186,24,1,0
BRDA:191,25,0,0
BRDA:191,25,1,0
BRDA:208,26,0,0
BRDA:208,26,1,0
BRDA:212,27,0,0
BRDA:212,27,1,0
BRDA:213,28,0,0
BRDA:213,28,1,0
BRDA:222,29,0,0
BRDA:222,29,1,0
BRDA:224,30,0,0
BRDA:224,30,1,0
BRDA:244,31,0,0
BRDA:244,31,1,0
BRDA:248,32,0,0
BRDA:248,32,1,0
BRDA:268,33,0,0
BRDA:268,33,1,0
BRDA:270,34,0,0
BRDA:270,34,1,0
BRDA:276,35,0,0
BRDA:276,35,1,0
BRDA:296,36,0,0
BRDA:296,36,1,0
BRDA:300,37,0,0
BRDA:300,37,1,0
BRDA:309,38,0,0
BRDA:309,38,1,0
BRDA:312,39,0,0
BRDA:312,39,1,0
BRDA:340,40,0,0
BRDA:340,40,1,0
BRDA:342,41,0,0
BRDA:342,41,1,0
BRDA:342,42,0,0
BRDA:342,42,1,0
BRDA:342,42,2,0
BRDA:344,43,0,0
BRDA:344,43,1,0
BRDA:345,44,0,0
BRDA:345,44,1,0
BRDA:345,44,2,0
BRDA:345,44,3,0
BRDA:345,44,4,0
BRDA:345,44,5,0
BRDA:345,44,6,0
BRDA:374,45,0,0
BRDA:374,45,1,0
BRDA:374,46,0,0
BRDA:374,46,1,0
BRDA:378,47,0,0
BRDA:378,47,1,0
BRDA:378,48,0,0
BRDA:378,48,1,0
BRDA:382,49,0,0
BRDA:382,49,1,0
BRDA:382,50,0,0
BRDA:382,50,1,0
BRDA:382,50,2,0
BRDA:387,51,0,0
BRDA:387,51,1,0
BRDA:387,52,0,0
BRDA:387,52,1,0
BRDA:387,52,2,0
BRDA:421,53,0,0
BRDA:421,53,1,0
BRDA:423,54,0,0
BRDA:423,54,1,0
BRDA:425,55,0,0
BRDA:425,55,1,0
BRDA:427,56,0,0
BRDA:427,56,1,0
BRDA:429,57,0,0
BRDA:429,57,1,0
BRDA:431,58,0,0
BRDA:431,58,1,0
BRDA:440,59,0,0
BRDA:440,59,1,0
BRDA:440,59,2,0
BRDA:445,60,0,0
BRDA:447,61,0,0
BRDA:447,61,1,0
BRDA:448,62,0,0
BRDA:448,62,1,0
BRDA:450,63,0,0
BRDA:450,63,1,0
BRDA:456,64,0,0
BRDA:457,65,0,0
BRDA:457,65,1,0
BRDA:457,66,0,0
BRDA:457,66,1,0
BRDA:479,67,0,0
BRDA:479,67,1,0
BRDA:491,68,0,0
BRDA:491,68,1,0
BRDA:495,69,0,0
BRDA:495,69,1,0
BRDA:513,70,0,0
BRDA:513,70,1,0
BRDA:516,71,0,0
BRDA:516,71,1,0
BRDA:524,72,0,0
BRDA:524,72,1,0
BRDA:525,73,0,0
BRDA:525,73,1,0
BRDA:529,74,0,0
BRDA:529,74,1,0
BRDA:534,75,0,0
BRDA:534,75,1,0
BRDA:538,76,0,0
BRDA:538,76,1,0
BRDA:554,77,0,0
BRDA:554,77,1,0
BRDA:567,78,0,0
BRDA:567,78,1,0
BRDA:571,79,0,0
BRDA:571,79,1,0
BRDA:571,80,0,0
BRDA:571,80,1,0
BRDA:574,81,0,0
BRDA:574,81,1,0
BRDA:574,82,0,0
BRDA:574,82,1,0
BRDA:574,82,2,0
BRDA:577,83,0,0
BRDA:577,83,1,0
BRF:169
BRH:12
end_of_record
TN:
SF:/Users/xiongyuyan/Documents/Studyspace/Vue3/vue3-ts-jsonschema-form/lib/fields/ArrayField.tsx
FN:50,(anonymous_0)
FN:53,(anonymous_1)
FN:54,(anonymous_2)
FN:55,(anonymous_3)
FN:56,(anonymous_4)
FN:58,(anonymous_5)
FN:93,(anonymous_6)
FN:97,(anonymous_7)
FN:106,(anonymous_8)
FN:115,(anonymous_9)
FN:123,(anonymous_10)
FN:133,(anonymous_11)
FN:143,(anonymous_12)
FN:155,(anonymous_13)
FN:157,(anonymous_14)
FN:164,(anonymous_15)
FN:166,(anonymous_17)
FN:172,(anonymous_18)
FNF:18
FNH:7
FNDA:2,(anonymous_0)
FNDA:0,(anonymous_1)
FNDA:0,(anonymous_2)
FNDA:0,(anonymous_3)
FNDA:0,(anonymous_4)
FNDA:2,(anonymous_5)
FNDA:3,(anonymous_6)
FNDA:0,(anonymous_7)
FNDA:0,(anonymous_8)
FNDA:0,(anonymous_9)
FNDA:0,(anonymous_10)
FNDA:0,(anonymous_11)
FNDA:3,(anonymous_12)
FNDA:2,(anonymous_13)
FNDA:0,(anonymous_14)
FNDA:4,(anonymous_15)
FNDA:0,(anonymous_17)
FNDA:3,(anonymous_18)
DA:2,3
DA:3,3
DA:4,3
DA:5,3
DA:7,3
DA:26,3
DA:51,2
DA:53,2
DA:54,2
DA:55,2
DA:56,2
DA:58,2
DA:59,2
DA:60,2
DA:90,3
DA:94,3
DA:95,3
DA:97,3
DA:98,0
DA:99,0
DA:101,0
DA:103,0
DA:106,3
DA:107,0
DA:108,0
DA:110,0
DA:112,0
DA:115,3
DA:116,0
DA:117,0
DA:119,0
DA:121,0
DA:123,3
DA:124,0
DA:125,0
DA:126,0
DA:128,0
DA:129,0
DA:131,0
DA:133,3
DA:134,0
DA:135,0
DA:136,0
DA:138,0
DA:139,0
DA:141,0
DA:143,3
DA:145,3
DA:146,3
DA:147,3
DA:149,3
DA:150,3
DA:152,3
DA:153,1
DA:154,1
DA:155,2
DA:157,0
DA:160,2
DA:162,1
DA:164,4
DA:166,0
DA:171,1
DA:172,3
DA:176,1
DA:178,0
LF:65
LH:38
BRDA:68,0,0,2
BRDA:68,0,1,2
BRDA:99,1,0,0
BRDA:99,1,1,0
BRDA:108,2,0,0
BRDA:108,2,1,0
BRDA:117,3,0,0
BRDA:117,3,1,0
BRDA:124,4,0,0
BRDA:124,4,1,0
BRDA:126,5,0,0
BRDA:126,5,1,0
BRDA:135,6,0,0
BRDA:135,6,1,0
BRDA:136,7,0,0
BRDA:136,7,1,0
BRDA:150,8,0,3
BRDA:150,8,1,3
BRDA:152,9,0,1
BRDA:152,9,1,2
BRDA:154,10,0,1
BRDA:154,10,1,0
BRDA:160,11,0,1
BRDA:160,11,1,1
BRDA:162,12,0,1
BRDA:162,12,1,0
BRF:26
BRH:10
end_of_record
TN:
SF:/Users/xiongyuyan/Documents/Studyspace/Vue3/vue3-ts-jsonschema-form/lib/fields/ObjectField.tsx
FN:24,(anonymous_0)
FN:29,(anonymous_1)
FN:40,(anonymous_2)
FN:47,(anonymous_3)
FN:48,(anonymous_4)
FNF:5
FNH:5
FNDA:5,(anonymous_0)
FNDA:4,(anonymous_1)
FNDA:8,(anonymous_2)
FNDA:14,(anonymous_3)
FNDA:4,(anonymous_4)
DA:1,3
DA:3,3
DA:4,3
DA:9,3
DA:21,3
DA:27,5
DA:29,5
DA:30,4
DA:32,4
DA:33,2
DA:35,2
DA:38,4
DA:40,5
DA:41,8
DA:43,8
DA:45,8
DA:46,8
DA:47,14
DA:48,4
LF:19
LH:19
BRDA:30,0,0,3
BRDA:30,0,1,1
BRDA:32,1,0,2
BRDA:32,1,1,2
BRDA:45,2,0,8
BRDA:45,2,1,1
BRDA:46,3,0,6
BRDA:46,3,1,2
BRF:8
BRH:8
end_of_record
TN:
SF:/Users/xiongyuyan/Documents/Studyspace/Vue3/vue3-ts-jsonschema-form/lib/theme-default/Selection.tsx
FN:6,(anonymous_0)
FN:9,(anonymous_1)
FN:15,(anonymous_2)
FN:15,(anonymous_3)
FN:21,(anonymous_4)
FN:25,(anonymous_5)
FN:27,(anonymous_6)
FN:30,(anonymous_7)
FNF:8
FNH:5
FNDA:1,(anonymous_0)
FNDA:0,(anonymous_1)
FNDA:1,(anonymous_2)
FNDA:0,(anonymous_3)
FNDA:1,(anonymous_4)
FNDA:1,(anonymous_5)
FNDA:0,(anonymous_6)
FNDA:3,(anonymous_7)
DA:2,1
DA:3,1
DA:7,1
DA:9,1
DA:10,0
DA:11,0
DA:15,1
DA:16,0
DA:17,0
DA:21,1
DA:22,1
DA:25,1
DA:26,1
DA:27,1
DA:28,0
DA:30,3
DA:38,1
LF:17
LH:12
BRDA:10,0,0,0
BRDA:10,0,1,0
BRDA:16,1,0,0
BRDA:16,1,1,0
BRF:4
BRH:0
end_of_record
TN:
SF:/Users/xiongyuyan/Documents/Studyspace/Vue3/vue3-ts-jsonschema-form/lib/theme-default/index.tsx
FN:7,(anonymous_0)
FN:8,(anonymous_1)
FNF:2
FNH:0
FNDA:0,(anonymous_0)
FNDA:0,(anonymous_1)
DA:1,1
DA:2,1
DA:3,1
DA:5,1
DA:8,0
DA:12,1
LF:6
LH:5
BRF:0
BRH:0
end_of_record
TN:
SF:/Users/xiongyuyan/Documents/Studyspace/Vue3/vue3-ts-jsonschema-form/lib/widgets/Selection.tsx
FN:19,(anonymous_0)
FN:22,(anonymous_1)
FN:28,(anonymous_2)
FN:28,(anonymous_3)
FN:34,(anonymous_4)
FN:38,(anonymous_5)
FN:40,(anonymous_6)
FN:43,(anonymous_7)
FNF:8
FNH:0
FNDA:0,(anonymous_0)
FNDA:0,(anonymous_1)
FNDA:0,(anonymous_2)
FNDA:0,(anonymous_3)
FNDA:0,(anonymous_4)
FNDA:0,(anonymous_5)
FNDA:0,(anonymous_6)
FNDA:0,(anonymous_7)
DA:3,3
DA:20,0
DA:22,0
DA:23,0
DA:24,0
DA:28,0
DA:29,0
DA:30,0
DA:34,0
DA:35,0
DA:38,0
DA:39,0
DA:40,0
DA:41,0
DA:43,0
LF:15
LH:1
BRDA:23,0,0,0
BRDA:23,0,1,0
BRDA:29,1,0,0
BRDA:29,1,1,0
BRF:4
BRH:0
end_of_record
TN:
SF:/Users/xiongyuyan/Documents/Studyspace/Vue3/vue3-ts-jsonschema-form/src/components/HelloWorld.vue
FN:14,(anonymous_0)
FNF:1
FNH:1
FNDA:1,(anonymous_0)
DA:2,1
DA:4,1
DA:15,1
LF:3
LH:3
BRF:0
BRH:0
end_of_record
TN:
SF:/Users/xiongyuyan/Documents/Studyspace/Vue3/vue3-ts-jsonschema-form/tests/unit/utils/TestComponent.tsx
FN:6,(anonymous_0)
FN:7,(anonymous_1)
FN:34,(anonymous_3)
FN:35,(anonymous_4)
FNF:4
FNH:4
FNDA:3,(anonymous_0)
FNDA:6,(anonymous_1)
FNDA:3,(anonymous_3)
FNDA:6,(anonymous_4)
DA:2,1
DA:3,1
DA:5,1
DA:7,6
DA:15,1
DA:35,6
LF:6
LH:6
BRDA:9,0,0,3
BRDA:9,0,1,3
BRF:2
BRH:2
end_of_record
