TN:
SF:/Users/xiongyuyan/Documents/Studyspace/Vue3/vue3-ts-jsonschema-form/lib/SchemaForm.tsx
FN:80,(anonymous_0)
FN:81,(anonymous_1)
FN:90,(anonymous_2)
FN:99,(anonymous_3)
FN:108,(anonymous_4)
FN:120,(anonymous_5)
FN:121,(anonymous_6)
FN:131,doValidate
FN:151,(anonymous_8)
FN:152,(anonymous_9)
FN:155,(anonymous_10)
FN:156,(anonymous_11)
FN:175,(anonymous_12)
FN:180,(anonymous_13)
FN:190,(anonymous_14)
FN:195,(anonymous_15)
FN:197,(anonymous_16)
FN:208,(anonymous_17)
FN:220,(anonymous_18)
FNF:19
FNH:10
FNDA:9,(anonymous_0)
FNDA:5,(anonymous_1)
FNDA:9,(anonymous_2)
FNDA:0,(anonymous_3)
FNDA:0,(anonymous_4)
FNDA:12,(anonymous_5)
FNDA:3,(anonymous_6)
FNDA:0,doValidate
FNDA:9,(anonymous_8)
FNDA:9,(anonymous_9)
FNDA:0,(anonymous_10)
FNDA:0,(anonymous_11)
FNDA:0,(anonymous_12)
FNDA:0,(anonymous_13)
FNDA:9,(anonymous_14)
FNDA:0,(anonymous_15)
FNDA:0,(anonymous_16)
FNDA:24,(anonymous_17)
FNDA:9,(anonymous_18)
DA:19,3
DA:21,3
DA:22,3
DA:23,3
DA:33,3
DA:38,3
DA:81,9
DA:83,5
DA:86,9
DA:88,9
DA:90,9
DA:91,9
DA:95,9
DA:96,0
DA:99,0
DA:100,0
DA:104,9
DA:105,0
DA:108,0
DA:109,0
DA:114,9
DA:117,9
DA:119,9
DA:120,12
DA:122,3
DA:123,0
DA:132,0
DA:133,0
DA:134,0
DA:142,0
DA:143,0
DA:144,0
DA:145,0
DA:146,0
DA:147,0
DA:150,9
DA:151,9
DA:153,9
DA:154,0
DA:156,0
DA:157,0
DA:158,0
DA:175,9
DA:176,0
DA:177,0
DA:180,0
DA:181,0
DA:183,0
DA:186,0
DA:190,9
DA:191,9
DA:192,0
DA:195,0
DA:196,0
DA:197,0
DA:198,0
DA:199,0
DA:202,0
DA:208,24
DA:210,9
DA:218,9
DA:220,9
DA:221,9
DA:222,9
LF:64
LH:31
BRDA:95,0,0,0
BRDA:95,0,1,9
BRDA:97,1,0,0
BRDA:97,1,1,0
BRDA:104,2,0,0
BRDA:104,2,1,9
BRDA:106,3,0,0
BRDA:106,3,1,0
BRDA:122,4,0,0
BRDA:122,4,1,3
BRDA:143,5,0,0
BRDA:143,5,1,0
BRDA:153,6,0,0
BRDA:153,6,1,9
BRDA:176,7,0,0
BRDA:176,7,1,0
BRDA:178,8,0,0
BRDA:178,8,1,0
BRDA:191,9,0,0
BRDA:191,9,1,9
BRDA:193,10,0,0
BRDA:193,10,1,0
BRDA:198,11,0,0
BRDA:198,11,1,0
BRDA:224,12,0,9
BRDA:224,12,1,9
BRDA:229,13,0,9
BRDA:229,13,1,0
BRF:28
BRH:8
end_of_record
TN:
SF:/Users/xiongyuyan/Documents/Studyspace/Vue3/vue3-ts-jsonschema-form/lib/SchemaItem.tsx
FN:16,(anonymous_0)
FN:19,(anonymous_1)
FN:26,(anonymous_2)
FNF:3
FNH:3
FNDA:21,(anonymous_0)
FNDA:24,(anonymous_1)
FNDA:27,(anonymous_2)
DA:2,3
DA:4,3
DA:6,3
DA:7,3
DA:8,3
DA:10,3
DA:11,3
DA:13,3
DA:17,21
DA:19,21
DA:20,24
DA:22,24
DA:26,21
DA:27,27
DA:29,27
DA:32,27
DA:35,27
DA:37,10
DA:38,10
DA:41,9
DA:42,9
DA:45,5
DA:46,5
DA:49,3
DA:50,3
DA:53,0
DA:57,27
LF:27
LH:26
BRDA:36,0,0,10
BRDA:36,0,1,9
BRDA:36,0,2,5
BRDA:36,0,3,3
BRDA:36,0,4,0
BRF:5
BRH:4
end_of_record
TN:
SF:/Users/xiongyuyan/Documents/Studyspace/Vue3/vue3-ts-jsonschema-form/lib/context.ts
FN:12,useVJSFContent
FNF:1
FNH:1
FNDA:32,useVJSFContent
DA:1,3
DA:4,3
DA:19,32
DA:20,32
DA:21,0
DA:23,32
LF:6
LH:5
BRDA:20,0,0,0
BRDA:20,0,1,32
BRF:2
BRH:1
end_of_record
TN:
SF:/Users/xiongyuyan/Documents/Studyspace/Vue3/vue3-ts-jsonschema-form/lib/index.ts
FN:10,(anonymous_6)
FNF:1
FNH:1
FNDA:18,(anonymous_6)
DA:1,3
DA:2,3
DA:3,3
DA:4,3
DA:5,3
DA:6,3
DA:7,3
DA:9,3
DA:10,78
LF:9
LH:9
BRDA:10,0,0,36
BRDA:10,0,1,72
BRF:2
BRH:2
end_of_record
TN:
SF:/Users/xiongyuyan/Documents/Studyspace/Vue3/vue3-ts-jsonschema-form/lib/theme.tsx
FN:31,(anonymous_0)
FN:33,(anonymous_1)
FN:37,(anonymous_2)
FN:41,getWidget
FN:67,(anonymous_4)
FNF:5
FNH:5
FNDA:9,(anonymous_0)
FNDA:3,(anonymous_1)
FNDA:9,(anonymous_2)
FNDA:3,getWidget
FNDA:3,(anonymous_4)
DA:1,3
DA:18,3
DA:19,3
DA:22,3
DA:23,3
DA:33,9
DA:35,9
DA:37,9
DA:45,3
DA:46,3
DA:47,0
DA:48,0
DA:49,0
DA:52,0
DA:53,0
DA:54,0
DA:59,3
DA:63,3
DA:64,0
DA:67,3
DA:68,3
DA:71,3
DA:74,3
LF:23
LH:16
BRDA:37,0,0,9
BRDA:37,0,1,9
BRDA:46,1,0,0
BRDA:46,1,1,3
BRDA:48,2,0,0
BRDA:48,2,1,0
BRDA:48,3,0,0
BRDA:48,3,1,0
BRDA:48,4,0,0
BRDA:48,4,1,0
BRDA:48,5,0,0
BRDA:48,5,1,0
BRDA:52,6,0,0
BRDA:52,6,1,0
BRDA:53,7,0,0
BRDA:53,7,1,0
BRDA:63,8,0,0
BRDA:63,8,1,3
BRF:18
BRH:4
end_of_record
TN:
SF:/Users/xiongyuyan/Documents/Studyspace/Vue3/vue3-ts-jsonschema-form/lib/types.ts
FN:5,(anonymous_0)
FN:124,(anonymous_1)
FN:128,(anonymous_2)
FNF:3
FNH:3
FNDA:3,(anonymous_0)
FNDA:3,(anonymous_1)
FNDA:3,(anonymous_2)
DA:5,3
DA:6,3
DA:7,3
DA:8,3
DA:9,3
DA:10,3
DA:11,3
DA:53,3
DA:80,3
DA:99,3
DA:124,3
DA:125,3
DA:128,3
DA:129,3
DA:130,3
LF:15
LH:15
BRDA:5,0,0,3
BRDA:5,0,1,3
BRDA:124,1,0,3
BRDA:124,1,1,3
BRDA:128,2,0,3
BRDA:128,2,1,3
BRF:6
BRH:6
end_of_record
TN:
SF:/Users/xiongyuyan/Documents/Studyspace/Vue3/vue3-ts-jsonschema-form/lib/utils.ts
FN:9,isObject
FN:13,isEmptyObject
FN:17,hasOwnProperty
FN:30,validateData
FN:40,resolveSchema
FN:49,(anonymous_5)
FN:59,retrieveSchema
FN:100,stubExistingAdditionalProperties
FN:111,(anonymous_8)
FN:152,resolveReference
FN:162,findSchemaDefinition
FN:181,resolveDependencies
FN:201,processDependencies
FN:245,withDependentProperties
FN:255,withDependentSchema
FN:276,(anonymous_15)
FN:290,withExactlyOneSubschema
FN:297,(anonymous_17)
FN:340,mergeSchemas
FN:342,(anonymous_19)
FN:374,getSchemaType
FN:391,(anonymous_21)
FN:423,guessType
FN:441,isConstant
FN:448,isSelect
FN:454,(anonymous_25)
FN:459,isMultiSelect
FN:467,getMatchingOption
FN:486,(anonymous_28)
FN:526,mergeDefaultsWithFormData
FN:531,(anonymous_30)
FN:539,(anonymous_31)
FN:551,getDefaultFormState
FNF:33
FNH:4
FNDA:36,isObject
FNDA:0,isEmptyObject
FNDA:72,hasOwnProperty
FNDA:0,validateData
FNDA:24,resolveSchema
FNDA:0,(anonymous_5)
FNDA:24,retrieveSchema
FNDA:0,stubExistingAdditionalProperties
FNDA:0,(anonymous_8)
FNDA:0,resolveReference
FNDA:0,findSchemaDefinition
FNDA:0,resolveDependencies
FNDA:0,processDependencies
FNDA:0,withDependentProperties
FNDA:0,withDependentSchema
FNDA:0,(anonymous_15)
FNDA:0,withExactlyOneSubschema
FNDA:0,(anonymous_17)
FNDA:0,mergeSchemas
FNDA:0,(anonymous_19)
FNDA:0,getSchemaType
FNDA:0,(anonymous_21)
FNDA:0,guessType
FNDA:0,isConstant
FNDA:0,isSelect
FNDA:0,(anonymous_25)
FNDA:0,isMultiSelect
FNDA:0,getMatchingOption
FNDA:0,(anonymous_28)
FNDA:0,mergeDefaultsWithFormData
FNDA:0,(anonymous_30)
FNDA:0,(anonymous_31)
FNDA:0,getDefaultFormState
DA:1,3
DA:5,3
DA:6,3
DA:7,3
DA:10,36
DA:14,0
DA:22,72
DA:29,3
DA:31,0
DA:32,0
DA:41,24
DA:42,0
DA:43,24
DA:44,0
DA:45,0
DA:46,24
DA:47,0
DA:50,0
DA:55,24
DA:64,24
DA:65,0
DA:67,24
DA:70,24
DA:71,0
DA:72,0
DA:78,0
DA:80,0
DA:81,0
DA:85,24
DA:87,24
DA:89,0
DA:95,24
DA:98,3
DA:106,0
DA:111,0
DA:112,0
DA:114,0
DA:118,0
DA:119,0
DA:124,0
DA:125,0
DA:127,0
DA:131,0
DA:133,0
DA:136,0
DA:154,0
DA:157,0
DA:159,0
DA:163,0
DA:164,0
DA:166,0
DA:168,0
DA:170,0
DA:171,0
DA:172,0
DA:174,0
DA:176,0
DA:178,0
DA:187,0
DA:188,0
DA:189,0
DA:193,0
DA:194,0
DA:199,0
DA:208,0
DA:210,0
DA:211,0
DA:214,0
DA:218,0
DA:223,0
DA:224,0
DA:225,0
DA:226,0
DA:227,0
DA:235,0
DA:242,0
DA:246,0
DA:247,0
DA:249,0
DA:252,0
DA:263,0
DA:268,0
DA:270,0
DA:271,0
DA:272,0
DA:273,0
DA:276,0
DA:277,0
DA:281,0
DA:297,0
DA:298,0
DA:299,0
DA:301,0
DA:302,0
DA:303,0
DA:310,0
DA:311,0
DA:314,0
DA:315,0
DA:318,0
DA:321,0
DA:326,0
DA:327,0
DA:328,0
DA:341,0
DA:342,0
DA:343,0
DA:344,0
DA:345,0
DA:346,0
DA:347,0
DA:357,0
DA:359,0
DA:361,0
DA:375,0
DA:377,0
DA:378,0
DA:381,0
DA:382,0
DA:385,0
DA:386,0
DA:389,0
DA:390,0
DA:391,0
DA:394,0
DA:423,3
DA:424,0
DA:425,0
DA:426,0
DA:427,0
DA:428,0
DA:429,0
DA:430,0
DA:431,0
DA:432,0
DA:433,0
DA:434,0
DA:435,0
DA:438,0
DA:442,0
DA:449,0
DA:450,0
DA:451,0
DA:452,0
DA:453,0
DA:454,0
DA:456,0
DA:460,0
DA:461,0
DA:463,0
DA:472,0
DA:473,0
DA:482,0
DA:485,0
DA:486,0
DA:494,0
DA:496,0
DA:498,0
DA:499,0
DA:502,0
DA:505,0
DA:507,0
DA:509,0
DA:514,0
DA:516,0
DA:517,0
DA:519,0
DA:520,0
DA:523,0
DA:527,0
DA:528,0
DA:529,0
DA:531,0
DA:532,0
DA:533,0
DA:535,0
DA:537,0
DA:538,0
DA:539,0
DA:540,0
DA:544,0
DA:547,0
DA:557,0
DA:558,0
DA:561,0
DA:570,0
DA:572,0
DA:574,0
DA:575,0
DA:577,0
DA:578,0
DA:580,0
LF:192
LH:19
BRDA:10,0,0,36
BRDA:10,0,1,33
BRDA:10,0,2,33
BRDA:14,1,0,0
BRDA:14,1,1,0
BRDA:40,2,0,0
BRDA:40,3,0,0
BRDA:41,4,0,0
BRDA:41,4,1,24
BRDA:43,5,0,0
BRDA:43,5,1,24
BRDA:46,6,0,0
BRDA:46,6,1,24
BRDA:46,7,0,24
BRDA:46,7,1,0
BRDA:61,8,0,0
BRDA:62,9,0,12
BRDA:64,10,0,0
BRDA:64,10,1,24
BRDA:70,11,0,0
BRDA:70,11,1,24
BRDA:85,12,0,24
BRDA:85,12,1,0
BRDA:87,13,0,0
BRDA:87,13,1,24
BRDA:102,14,0,0
BRDA:103,15,0,0
BRDA:112,16,0,0
BRDA:112,16,1,0
BRDA:118,17,0,0
BRDA:118,17,1,0
BRDA:124,18,0,0
BRDA:124,18,1,0
BRDA:162,19,0,0
BRDA:164,20,0,0
BRDA:164,20,1,0
BRDA:171,21,0,0
BRDA:171,21,1,0
BRDA:174,22,0,0
BRDA:174,22,1,0
BRDA:187,23,0,0
BRDA:188,24,0,0
BRDA:188,24,1,0
BRDA:193,25,0,0
BRDA:193,25,1,0
BRDA:210,26,0,0
BRDA:210,26,1,0
BRDA:214,27,0,0
BRDA:214,27,1,0
BRDA:215,28,0,0
BRDA:215,28,1,0
BRDA:224,29,0,0
BRDA:224,29,1,0
BRDA:226,30,0,0
BRDA:226,30,1,0
BRDA:246,31,0,0
BRDA:246,31,1,0
BRDA:250,32,0,0
BRDA:250,32,1,0
BRDA:270,33,0,0
BRDA:270,33,1,0
BRDA:272,34,0,0
BRDA:272,34,1,0
BRDA:278,35,0,0
BRDA:278,35,1,0
BRDA:298,36,0,0
BRDA:298,36,1,0
BRDA:302,37,0,0
BRDA:302,37,1,0
BRDA:311,38,0,0
BRDA:311,38,1,0
BRDA:314,39,0,0
BRDA:314,39,1,0
BRDA:343,40,0,0
BRDA:343,40,1,0
BRDA:345,41,0,0
BRDA:345,41,1,0
BRDA:345,42,0,0
BRDA:345,42,1,0
BRDA:345,42,2,0
BRDA:347,43,0,0
BRDA:347,43,1,0
BRDA:348,44,0,0
BRDA:348,44,1,0
BRDA:348,44,2,0
BRDA:348,44,3,0
BRDA:348,44,4,0
BRDA:348,44,5,0
BRDA:348,44,6,0
BRDA:377,45,0,0
BRDA:377,45,1,0
BRDA:377,46,0,0
BRDA:377,46,1,0
BRDA:381,47,0,0
BRDA:381,47,1,0
BRDA:381,48,0,0
BRDA:381,48,1,0
BRDA:385,49,0,0
BRDA:385,49,1,0
BRDA:385,50,0,0
BRDA:385,50,1,0
BRDA:385,50,2,0
BRDA:390,51,0,0
BRDA:390,51,1,0
BRDA:390,52,0,0
BRDA:390,52,1,0
BRDA:390,52,2,0
BRDA:424,53,0,0
BRDA:424,53,1,0
BRDA:426,54,0,0
BRDA:426,54,1,0
BRDA:428,55,0,0
BRDA:428,55,1,0
BRDA:430,56,0,0
BRDA:430,56,1,0
BRDA:432,57,0,0
BRDA:432,57,1,0
BRDA:434,58,0,0
BRDA:434,58,1,0
BRDA:443,59,0,0
BRDA:443,59,1,0
BRDA:443,59,2,0
BRDA:448,60,0,0
BRDA:450,61,0,0
BRDA:450,61,1,0
BRDA:451,62,0,0
BRDA:451,62,1,0
BRDA:453,63,0,0
BRDA:453,63,1,0
BRDA:459,64,0,0
BRDA:460,65,0,0
BRDA:460,65,1,0
BRDA:460,66,0,0
BRDA:460,66,1,0
BRDA:482,67,0,0
BRDA:482,67,1,0
BRDA:494,68,0,0
BRDA:494,68,1,0
BRDA:498,69,0,0
BRDA:498,69,1,0
BRDA:516,70,0,0
BRDA:516,70,1,0
BRDA:519,71,0,0
BRDA:519,71,1,0
BRDA:527,72,0,0
BRDA:527,72,1,0
BRDA:528,73,0,0
BRDA:528,73,1,0
BRDA:532,74,0,0
BRDA:532,74,1,0
BRDA:537,75,0,0
BRDA:537,75,1,0
BRDA:541,76,0,0
BRDA:541,76,1,0
BRDA:557,77,0,0
BRDA:557,77,1,0
BRDA:570,78,0,0
BRDA:570,78,1,0
BRDA:574,79,0,0
BRDA:574,79,1,0
BRDA:574,80,0,0
BRDA:574,80,1,0
BRDA:577,81,0,0
BRDA:577,81,1,0
BRDA:577,82,0,0
BRDA:577,82,1,0
BRDA:577,82,2,0
BRDA:580,83,0,0
BRDA:580,83,1,0
BRF:169
BRH:12
end_of_record
TN:
SF:/Users/xiongyuyan/Documents/Studyspace/Vue3/vue3-ts-jsonschema-form/lib/validator.ts
FN:21,transformErrors
FN:23,(anonymous_1)
FN:34,toErrorSchema
FN:37,(anonymous_3)
FN:68,validateFormData
FN:115,createErrorProxy
FN:118,(anonymous_6)
FN:121,(anonymous_7)
FN:142,mergeObjects
FN:145,(anonymous_9)
FNF:10
FNH:0
FNDA:0,transformErrors
FNDA:0,(anonymous_1)
FNDA:0,toErrorSchema
FNDA:0,(anonymous_3)
FNDA:0,validateFormData
FNDA:0,createErrorProxy
FNDA:0,(anonymous_6)
FNDA:0,(anonymous_7)
FNDA:0,mergeObjects
FNDA:0,(anonymous_9)
DA:3,3
DA:5,3
DA:6,3
DA:22,0
DA:23,0
DA:24,0
DA:35,0
DA:37,0
DA:38,0
DA:40,0
DA:41,0
DA:45,0
DA:46,0
DA:49,0
DA:50,0
DA:51,0
DA:53,0
DA:56,0
DA:58,0
DA:60,0
DA:61,0
DA:64,0
DA:75,0
DA:76,0
DA:77,0
DA:79,0
DA:82,0
DA:84,0
DA:86,0
DA:87,0
DA:95,0
DA:97,0
DA:98,0
DA:104,0
DA:105,0
DA:106,0
DA:108,0
DA:116,0
DA:117,0
DA:119,0
DA:121,0
DA:122,0
DA:123,0
DA:124,0
DA:126,0
DA:130,0
DA:131,0
DA:132,0
DA:133,0
DA:134,0
DA:137,0
DA:144,0
DA:145,0
DA:146,0
DA:147,0
DA:149,0
DA:150,0
DA:151,0
DA:152,0
DA:154,0
DA:156,0
LF:61
LH:3
BRDA:22,0,0,0
BRDA:22,0,1,0
BRDA:22,1,0,0
BRDA:22,1,1,0
BRDA:35,2,0,0
BRDA:35,2,1,0
BRDA:45,3,0,0
BRDA:45,3,1,0
BRDA:45,4,0,0
BRDA:45,4,1,0
BRDA:50,5,0,0
BRDA:50,5,1,0
BRDA:56,6,0,0
BRDA:56,6,1,0
BRDA:58,7,0,0
BRDA:58,7,1,0
BRDA:60,8,0,0
BRDA:60,8,1,0
BRDA:72,9,0,0
BRDA:86,10,0,0
BRDA:86,10,1,0
BRDA:97,11,0,0
BRDA:97,11,1,0
BRDA:119,12,0,0
BRDA:119,12,1,0
BRDA:123,13,0,0
BRDA:123,13,1,0
BRDA:123,14,0,0
BRDA:123,14,1,0
BRDA:131,15,0,0
BRDA:131,15,1,0
BRDA:142,16,0,0
BRDA:146,17,0,0
BRDA:146,17,1,0
BRDA:149,18,0,0
BRDA:149,18,1,0
BRDA:149,19,0,0
BRDA:149,19,1,0
BRDA:149,19,2,0
BRDA:151,20,0,0
BRDA:151,20,1,0
BRDA:151,21,0,0
BRDA:151,21,1,0
BRDA:151,21,2,0
BRF:44
BRH:0
end_of_record
TN:
SF:/Users/xiongyuyan/Documents/Studyspace/Vue3/vue3-ts-jsonschema-form/lib/fields/ArrayField.tsx
FN:50,(anonymous_0)
FN:53,(anonymous_1)
FN:54,(anonymous_2)
FN:55,(anonymous_3)
FN:56,(anonymous_4)
FN:58,(anonymous_5)
FN:101,(anonymous_6)
FN:105,(anonymous_7)
FN:114,(anonymous_8)
FN:123,(anonymous_9)
FN:131,(anonymous_10)
FN:141,(anonymous_11)
FN:151,(anonymous_12)
FN:163,(anonymous_13)
FN:177,(anonymous_14)
FN:186,(anonymous_15)
FN:201,(anonymous_17)
FN:208,(anonymous_18)
FNF:18
FNH:7
FNDA:2,(anonymous_0)
FNDA:0,(anonymous_1)
FNDA:0,(anonymous_2)
FNDA:0,(anonymous_3)
FNDA:0,(anonymous_4)
FNDA:2,(anonymous_5)
FNDA:3,(anonymous_6)
FNDA:0,(anonymous_7)
FNDA:0,(anonymous_8)
FNDA:0,(anonymous_9)
FNDA:0,(anonymous_10)
FNDA:0,(anonymous_11)
FNDA:3,(anonymous_12)
FNDA:2,(anonymous_13)
FNDA:0,(anonymous_14)
FNDA:4,(anonymous_15)
FNDA:0,(anonymous_17)
FNDA:3,(anonymous_18)
DA:2,3
DA:3,3
DA:4,3
DA:5,3
DA:7,3
DA:26,3
DA:51,2
DA:53,2
DA:54,2
DA:55,2
DA:56,2
DA:58,2
DA:59,2
DA:60,2
DA:98,3
DA:102,3
DA:103,3
DA:105,3
DA:106,0
DA:107,0
DA:109,0
DA:111,0
DA:114,3
DA:115,0
DA:116,0
DA:118,0
DA:120,0
DA:123,3
DA:124,0
DA:125,0
DA:127,0
DA:129,0
DA:131,3
DA:132,0
DA:133,0
DA:134,0
DA:136,0
DA:137,0
DA:139,0
DA:141,3
DA:142,0
DA:143,0
DA:144,0
DA:146,0
DA:147,0
DA:149,0
DA:151,3
DA:153,3
DA:154,3
DA:155,3
DA:157,3
DA:158,3
DA:160,3
DA:161,1
DA:162,1
DA:163,1
DA:164,2
DA:165,2
DA:168,2
DA:177,0
DA:182,2
DA:184,1
DA:186,4
DA:201,0
DA:207,1
DA:208,3
DA:212,1
LF:67
LH:41
BRDA:76,0,0,2
BRDA:76,0,1,2
BRDA:107,1,0,0
BRDA:107,1,1,0
BRDA:116,2,0,0
BRDA:116,2,1,0
BRDA:125,3,0,0
BRDA:125,3,1,0
BRDA:132,4,0,0
BRDA:132,4,1,0
BRDA:134,5,0,0
BRDA:134,5,1,0
BRDA:143,6,0,0
BRDA:143,6,1,0
BRDA:144,7,0,0
BRDA:144,7,1,0
BRDA:158,8,0,3
BRDA:158,8,1,3
BRDA:160,9,0,1
BRDA:160,9,1,2
BRDA:162,10,0,1
BRDA:162,10,1,0
BRDA:166,11,0,0
BRDA:166,11,1,2
BRDA:166,12,0,0
BRDA:166,12,1,0
BRDA:172,13,0,2
BRDA:172,13,1,2
BRDA:182,14,0,1
BRDA:182,14,1,1
BRDA:184,15,0,1
BRDA:184,15,1,0
BRDA:195,16,0,2
BRDA:195,16,1,2
BRDA:196,17,0,2
BRDA:196,17,1,2
BRF:36
BRH:17
end_of_record
TN:
SF:/Users/xiongyuyan/Documents/Studyspace/Vue3/vue3-ts-jsonschema-form/lib/fields/ObjectField.tsx
FN:23,(anonymous_0)
FN:28,(anonymous_1)
FN:39,(anonymous_2)
FN:46,(anonymous_3)
FN:54,(anonymous_4)
FNF:5
FNH:5
FNDA:5,(anonymous_0)
FNDA:4,(anonymous_1)
FNDA:8,(anonymous_2)
FNDA:14,(anonymous_3)
FNDA:4,(anonymous_4)
DA:1,3
DA:3,3
DA:4,3
DA:8,3
DA:20,3
DA:26,5
DA:28,5
DA:29,4
DA:31,4
DA:32,2
DA:34,2
DA:37,4
DA:39,5
DA:40,8
DA:42,8
DA:44,8
DA:45,8
DA:46,14
DA:54,4
LF:19
LH:19
BRDA:29,0,0,3
BRDA:29,0,1,1
BRDA:31,1,0,2
BRDA:31,1,1,2
BRDA:44,2,0,8
BRDA:44,2,1,1
BRDA:45,3,0,6
BRDA:45,3,1,2
BRDA:48,4,0,0
BRDA:48,4,1,14
BRDA:48,5,0,0
BRDA:48,5,1,0
BRDA:49,6,0,14
BRDA:49,6,1,14
BRF:14
BRH:11
end_of_record
TN:
SF:/Users/xiongyuyan/Documents/Studyspace/Vue3/vue3-ts-jsonschema-form/lib/theme-default/FormItem.tsx
FN:23,(anonymous_0)
FN:25,(anonymous_1)
FN:33,(anonymous_2)
FN:51,withFormItem
FN:55,(anonymous_4)
FN:56,(anonymous_5)
FN:57,(anonymous_6)
FNF:7
FNH:6
FNDA:1,(anonymous_0)
FNDA:1,(anonymous_1)
FNDA:0,(anonymous_2)
FNDA:9,withFormItem
FNDA:1,(anonymous_4)
FNDA:1,(anonymous_5)
FNDA:1,(anonymous_6)
DA:2,3
DA:3,3
DA:5,3
DA:20,3
DA:24,1
DA:25,1
DA:26,1
DA:27,1
DA:28,1
DA:33,0
DA:43,3
DA:52,9
DA:56,1
DA:57,2
LF:14
LH:13
BRDA:31,0,0,1
BRDA:31,0,1,1
BRDA:28,1,0,1
BRDA:28,1,1,0
BRDA:33,2,0,1
BRDA:33,2,1,1
BRF:6
BRH:5
end_of_record
TN:
SF:/Users/xiongyuyan/Documents/Studyspace/Vue3/vue3-ts-jsonschema-form/lib/theme-default/NumberWidget.tsx
FN:9,(anonymous_0)
FN:10,(anonymous_1)
FN:15,(anonymous_2)
FNF:3
FNH:0
FNDA:0,(anonymous_0)
FNDA:0,(anonymous_1)
FNDA:0,(anonymous_2)
DA:1,3
DA:3,3
DA:5,3
DA:10,0
DA:11,0
DA:12,0
DA:13,0
DA:15,0
DA:26,3
LF:9
LH:4
BRF:0
BRH:0
end_of_record
TN:
SF:/Users/xiongyuyan/Documents/Studyspace/Vue3/vue3-ts-jsonschema-form/lib/theme-default/SelectionWidget.tsx
FN:10,(anonymous_0)
FN:13,(anonymous_1)
FN:20,(anonymous_2)
FN:21,(anonymous_3)
FN:28,(anonymous_4)
FN:32,(anonymous_5)
FN:34,(anonymous_6)
FN:36,(anonymous_7)
FNF:8
FNH:5
FNDA:1,(anonymous_0)
FNDA:0,(anonymous_1)
FNDA:1,(anonymous_2)
FNDA:0,(anonymous_3)
FNDA:1,(anonymous_4)
FNDA:1,(anonymous_5)
FNDA:0,(anonymous_6)
FNDA:3,(anonymous_7)
DA:2,3
DA:4,3
DA:6,3
DA:11,1
DA:13,1
DA:14,0
DA:15,0
DA:19,1
DA:20,1
DA:22,0
DA:23,0
DA:28,1
DA:29,1
DA:32,1
DA:33,1
DA:34,1
DA:35,0
DA:36,3
DA:46,3
LF:19
LH:14
BRDA:14,0,0,0
BRDA:14,0,1,0
BRDA:22,1,0,0
BRDA:22,1,1,0
BRF:4
BRH:0
end_of_record
TN:
SF:/Users/xiongyuyan/Documents/Studyspace/Vue3/vue3-ts-jsonschema-form/lib/theme-default/TextWidget.tsx
FN:9,(anonymous_0)
FN:10,(anonymous_1)
FN:18,(anonymous_2)
FN:24,(anonymous_3)
FNF:4
FNH:0
FNDA:0,(anonymous_0)
FNDA:0,(anonymous_1)
FNDA:0,(anonymous_2)
FNDA:0,(anonymous_3)
DA:1,3
DA:3,3
DA:5,3
DA:10,0
DA:11,0
DA:13,0
DA:14,0
DA:15,0
DA:18,0
DA:19,0
DA:24,0
DA:36,3
LF:12
LH:4
BRDA:20,0,0,0
BRDA:20,0,1,0
BRDA:20,0,2,0
BRF:3
BRH:0
end_of_record
TN:
SF:/Users/xiongyuyan/Documents/Studyspace/Vue3/vue3-ts-jsonschema-form/lib/theme-default/index.tsx
FN:9,(anonymous_0)
FN:10,(anonymous_1)
FNF:2
FNH:0
FNDA:0,(anonymous_0)
FNDA:0,(anonymous_1)
DA:1,3
DA:2,3
DA:3,3
DA:4,3
DA:5,3
DA:7,3
DA:10,0
DA:14,3
LF:8
LH:7
BRF:0
BRH:0
end_of_record
TN:
SF:/Users/xiongyuyan/Documents/Studyspace/Vue3/vue3-ts-jsonschema-form/lib/widgets/Selection.tsx
FN:21,(anonymous_0)
FN:24,(anonymous_1)
FN:31,(anonymous_2)
FN:32,(anonymous_3)
FN:39,(anonymous_4)
FN:43,(anonymous_5)
FN:45,(anonymous_6)
FN:47,(anonymous_7)
FNF:8
FNH:0
FNDA:0,(anonymous_0)
FNDA:0,(anonymous_1)
FNDA:0,(anonymous_2)
FNDA:0,(anonymous_3)
FNDA:0,(anonymous_4)
FNDA:0,(anonymous_5)
FNDA:0,(anonymous_6)
FNDA:0,(anonymous_7)
DA:3,3
DA:22,0
DA:24,0
DA:25,0
DA:26,0
DA:30,0
DA:31,0
DA:33,0
DA:34,0
DA:39,0
DA:40,0
DA:43,0
DA:44,0
DA:45,0
DA:46,0
DA:47,0
LF:16
LH:1
BRDA:25,0,0,0
BRDA:25,0,1,0
BRDA:33,1,0,0
BRDA:33,1,1,0
BRF:4
BRH:0
end_of_record
TN:
SF:/Users/xiongyuyan/Documents/Studyspace/Vue3/vue3-ts-jsonschema-form/src/components/HelloWorld.vue
FN:14,(anonymous_0)
FNF:1
FNH:1
FNDA:1,(anonymous_0)
DA:2,1
DA:4,1
DA:15,1
LF:3
LH:3
BRF:0
BRH:0
end_of_record
TN:
SF:/Users/xiongyuyan/Documents/Studyspace/Vue3/vue3-ts-jsonschema-form/tests/unit/utils/TestComponent.tsx
FN:6,(anonymous_0)
FN:7,(anonymous_1)
FN:34,(anonymous_3)
FN:35,(anonymous_4)
FNF:4
FNH:4
FNDA:9,(anonymous_0)
FNDA:18,(anonymous_1)
FNDA:9,(anonymous_3)
FNDA:18,(anonymous_4)
DA:2,3
DA:3,3
DA:5,3
DA:7,18
DA:15,3
DA:35,18
LF:6
LH:6
BRDA:9,0,0,9
BRDA:9,0,1,9
BRF:2
BRH:2
end_of_record
